/usr/share/modules/init/bash: line 58: export: _moduleraw: not a function
/usr/share/modules/init/bash: line 58: export: _moduleraw: not a function
/usr/share/modules/init/bash: line 58: export: _moduleraw: not a function
/usr/share/modules/init/bash: line 58: export: _moduleraw: not a function
1000000-1000000-1000000-1000000-1000000-1000000-1000000-1000000-1000000-1000000-1000000-1000000-1000000-1000000-1000000-1000000-1000000-1000000-1000000-1000000-1000000-1000000-1000000-1000000-1000000-1000000-1000000-1000000-1000000-1000000-1000000-1000000
../../src/runtime/dlrm_strategy_emb_8_gpu_8_node_4.pb
1000000-1000000-1000000-1000000-1000000-1000000-1000000-1000000-1000000-1000000-1000000-1000000-1000000-1000000-1000000-1000000-1000000-1000000-1000000-1000000-1000000-1000000-1000000-1000000-1000000-1000000-1000000-1000000-1000000-1000000-1000000-1000000
../../src/runtime/dlrm_strategy_emb_8_gpu_8_node_4.pb
1000000-1000000-1000000-1000000-1000000-1000000-1000000-1000000-1000000-1000000-1000000-1000000-1000000-1000000-1000000-1000000-1000000-1000000-1000000-1000000-1000000-1000000-1000000-1000000-1000000-1000000-1000000-1000000-1000000-1000000-1000000-1000000
../../src/runtime/dlrm_strategy_emb_8_gpu_8_node_4.pb
1000000-1000000-1000000-1000000-1000000-1000000-1000000-1000000-1000000-1000000-1000000-1000000-1000000-1000000-1000000-1000000-1000000-1000000-1000000-1000000-1000000-1000000-1000000-1000000-1000000-1000000-1000000-1000000-1000000-1000000-1000000-1000000
../../src/runtime/dlrm_strategy_emb_8_gpu_8_node_4.pb
[0 - 7f93bc274700] {3}{Mapper}: Load parallelization strategy from file ../../src/runtime/dlrm_strategy_emb_8_gpu_8_node_4.pb
[3 - 7fee444f3700] {3}{Mapper}: Load parallelization strategy from file ../../src/runtime/dlrm_strategy_emb_8_gpu_8_node_4.pb
[2 - 7f9f30631700] {3}{Mapper}: Load parallelization strategy from file ../../src/runtime/dlrm_strategy_emb_8_gpu_8_node_4.pb
[1 - 7f8cc04f3700] {3}{Mapper}: Load parallelization strategy from file ../../src/runtime/dlrm_strategy_emb_8_gpu_8_node_4.pb
strategies.size() = 35
strategies.size() = 35
strategies.size() = 35
strategies.size() = 35
[3 - 7fee444f3700] {3}{DLRM}: batchSize(16384) workersPerNodes(8) numNodes(4)
[3 - 7fee444f3700] {3}{DLRM}: EmbeddingBagSize(1)
[2 - 7f9f30631700] {3}{DLRM}: batchSize(16384) workersPerNodes(8) numNodes(4)
[2 - 7f9f30631700] {3}{DLRM}: EmbeddingBagSize(1)
[2 - 7f9f30631700] {3}{DLRM}: Embedding Vocab Sizes: 1000000 1000000 1000000 1000000 1000000 1000000 1000000 1000000 1000000 1000000 1000000 1000000 1000000 1000000 1000000 1000000 1000000 1000000 1000000 1000000 1000000 1000000 1000000 1000000 1000000 1000000 1000000 1000000 1000000 1000000 1000000 1000000
[2 - 7f9f30631700] {3}{DLRM}: MLP Top: 2112 1024 1024 1024 1024 1
[2 - 7f9f30631700] {3}{DLRM}: MLP Bot: 64 1024 1024 1024 64
[3 - 7fee444f3700] {3}{DLRM}: Embedding Vocab Sizes: 1000000 1000000 1000000 1000000 1000000 1000000 1000000 1000000 1000000 1000000 1000000 1000000 1000000 1000000 1000000 1000000 1000000 1000000 1000000 1000000 1000000 1000000 1000000 1000000 1000000 1000000 1000000 1000000 1000000 1000000 1000000 1000000
[3 - 7fee444f3700] {3}{DLRM}: MLP Top: 2112 1024 1024 1024 1024 1
[3 - 7fee444f3700] {3}{DLRM}: MLP Bot: 64 1024 1024 1024 64
[0 - 7f93bc274700] {3}{DLRM}: batchSize(16384) workersPerNodes(8) numNodes(4)
[0 - 7f93bc274700] {3}{DLRM}: EmbeddingBagSize(1)
[0 - 7f93bc274700] {3}{DLRM}: Embedding Vocab Sizes: 1000000 1000000 1000000 1000000 1000000 1000000 1000000 1000000 1000000 1000000 1000000 1000000 1000000 1000000 1000000 1000000 1000000 1000000 1000000 1000000 1000000 1000000 1000000 1000000 1000000 1000000 1000000 1000000 1000000 1000000 1000000 1000000
[0 - 7f93bc274700] {3}{DLRM}: MLP Top: 2112 1024 1024 1024 1024 1
[0 - 7f93bc274700] {3}{DLRM}: MLP Bot: 64 1024 1024 1024 64
[1 - 7f8cc04f3700] {3}{DLRM}: batchSize(16384) workersPerNodes(8) numNodes(4)
[1 - 7f8cc04f3700] {3}{DLRM}: EmbeddingBagSize(1)
[1 - 7f8cc04f3700] {3}{DLRM}: Embedding Vocab Sizes: 1000000 1000000 1000000 1000000 1000000 1000000 1000000 1000000 1000000 1000000 1000000 1000000 1000000 1000000 1000000 1000000 1000000 1000000 1000000 1000000 1000000 1000000 1000000 1000000 1000000 1000000 1000000 1000000 1000000 1000000 1000000 1000000
[1 - 7f8cc04f3700] {3}{DLRM}: MLP Top: 2112 1024 1024 1024 1024 1
[1 - 7f8cc04f3700] {3}{DLRM}: MLP Bot: 64 1024 1024 1024 64
strategies.size() = 35
strategies.size() = 35
strategies.size() = 35
strategies.size() = 35
workSpaceSize (1024 MB)
workSpaceSize (1024 MB)
workSpaceSize (1024 MB)
workSpaceSize (1024 MB)
workSpaceSize (1024 MB)
workSpaceSize (1024 MB)
workSpaceSize (1024 MB)
workSpaceSize (1024 MB)
workSpaceSize (1024 MB)
workSpaceSize (1024 MB)
workSpaceSize (1024 MB)
workSpaceSize (1024 MB)
workSpaceSize (1024 MB)
workSpaceSize (1024 MB)
workSpaceSize (1024 MB)
workSpaceSize (1024 MB)
workSpaceSize (1024 MB)
workSpaceSize (1024 MB)
workSpaceSize (1024 MB)
workSpaceSize (1024 MB)
workSpaceSize (1024 MB)
workSpaceSize (1024 MB)
workSpaceSize (1024 MB)
workSpaceSize (1024 MB)
workSpaceSize (1024 MB)
workSpaceSize (1024 MB)
workSpaceSize (1024 MB)
workSpaceSize (1024 MB)
workSpaceSize (1024 MB)
workSpaceSize (1024 MB)
workSpaceSize (1024 MB)
workSpaceSize (1024 MB)
domain.volume() = 65536 mean(0.0000) var(0.0429)
domain.volume() = 1024 mean(0.0000) var(0.0442)
domain.volume() = 1048576 mean(0.0000) var(0.0312)
domain.volume() = 1024 mean(0.0000) var(0.0442)
domain.volume() = 1048576 mean(0.0000) var(0.0312)
domain.volume() = 1024 mean(0.0000) var(0.0442)
domain.volume() = 65536 mean(0.0000) var(0.0429)
domain.volume() = 64 mean(0.0000) var(0.1768)
concat: dim[0] = 16384
concat: dim[1] = 2112
concat: dim[0] = 16384
concat: dim[1] = 2112
concat: dim[0] = 16384
concat: dim[1] = 2112
concat: dim[0] = 16384
concat: dim[1] = 2112
domain.volume() = 2162688 mean(0.0000) var(0.0253)
domain.volume() = 1024 mean(0.0000) var(0.0442)
domain.volume() = 1048576 mean(0.0000) var(0.0312)
domain.volume() = 1024 mean(0.0000) var(0.0442)
domain.volume() = 1048576 mean(0.0000) var(0.0312)
domain.volume() = 1024 mean(0.0000) var(0.0442)
domain.volume() = 1048576 mean(0.0000) var(0.0312)
domain.volume() = 1024 mean(0.0000) var(0.0442)
domain.volume() = 1024 mean(0.0000) var(0.0442)
domain.volume() = 1 mean(0.0000) var(1.4142)
init linear (input): in_dim(64) out_dim(1024) batch_size(512)
init linear (input): in_dim(64) out_dim(1024) batch_size(512)
init linear (input): in_dim(64) out_dim(1024) batch_size(512)
init linear (input): in_dim(64) out_dim(1024) batch_size(512)
init linear (input): in_dim(64) out_dim(1024) batch_size(512)
init linear (input): in_dim(64) out_dim(1024) batch_size(512)
init linear (input): in_dim(64) out_dim(1024) batch_size(512)
init linear (input): in_dim(64) out_dim(1024) batch_size(512)
init linear (input): in_dim(64) out_dim(1024) batch_size(512)
init linear (input): in_dim(64) out_dim(1024) batch_size(512)
init linear (input): in_dim(64) out_dim(1024) batch_size(512)
init linear (input): in_dim(64) out_dim(1024) batch_size(512)
init linear (input): in_dim(64) out_dim(1024) batch_size(512)
init linear (input): in_dim(64) out_dim(1024) batch_size(512)
init linear (input): in_dim(64) out_dim(1024) batch_size(512)
init linear (input): in_dim(64) out_dim(1024) batch_size(512)
init linear (input): in_dim(64) out_dim(1024) batch_size(512)
init linear (input): in_dim(64) out_dim(1024) batch_size(512)
init linear (input): in_dim(64) out_dim(1024) batch_size(512)
init linear (input): in_dim(64) out_dim(1024) batch_size(512)
init linear (input): in_dim(64) out_dim(1024) batch_size(512)
init linear (input): in_dim(64) out_dim(1024) batch_size(512)
init linear (input): in_dim(64) out_dim(1024) batch_size(512)
init linear (input): in_dim(64) out_dim(1024) batch_size(512)
init linear (input): in_dim(64) out_dim(1024) batch_size(512)
init linear (input): in_dim(64) out_dim(1024) batch_size(512)
init linear (input): in_dim(64) out_dim(1024) batch_size(512)
init linear (input): in_dim(64) out_dim(1024) batch_size(512)
init linear (input): in_dim(64) out_dim(1024) batch_size(512)
init linear (input): in_dim(64) out_dim(1024) batch_size(512)
init linear (input): in_dim(64) out_dim(1024) batch_size(512)
init linear (input): in_dim(64) out_dim(1024) batch_size(512)
init linear (input): in_dim(1024) out_dim(1024) batch_size(512)
init linear (input): in_dim(1024) out_dim(1024) batch_size(512)
init linear (input): in_dim(1024) out_dim(1024) batch_size(512)
init linear (input): in_dim(1024) out_dim(1024) batch_size(512)
init linear (input): in_dim(1024) out_dim(1024) batch_size(512)
init linear (input): in_dim(1024) out_dim(1024) batch_size(512)
init linear (input): in_dim(1024) out_dim(1024) batch_size(512)
init linear (input): in_dim(1024) out_dim(1024) batch_size(512)
init linear (input): in_dim(1024) out_dim(1024) batch_size(512)
init linear (input): in_dim(1024) out_dim(1024) batch_size(512)
init linear (input): in_dim(1024) out_dim(1024) batch_size(512)
init linear (input): in_dim(1024) out_dim(1024) batch_size(512)
init linear (input): in_dim(1024) out_dim(1024) batch_size(512)
init linear (input): in_dim(1024) out_dim(1024) batch_size(512)
init linear (input): in_dim(1024) out_dim(1024) batch_size(512)
init linear (input): in_dim(1024) out_dim(1024) batch_size(512)
init linear (input): in_dim(1024) out_dim(1024) batch_size(512)
init linear (input): in_dim(1024) out_dim(1024) batch_size(512)
init linear (input): in_dim(1024) out_dim(1024) batch_size(512)
init linear (input): in_dim(1024) out_dim(1024) batch_size(512)
init linear (input): in_dim(1024) out_dim(1024) batch_size(512)
init linear (input): in_dim(1024) out_dim(1024) batch_size(512)
init linear (input): in_dim(1024) out_dim(1024) batch_size(512)
init linear (input): in_dim(1024) out_dim(1024) batch_size(512)
init linear (input): in_dim(1024) out_dim(1024) batch_size(512)
init linear (input): in_dim(1024) out_dim(1024) batch_size(512)
init linear (input): in_dim(1024) out_dim(1024) batch_size(512)
init linear (input): in_dim(1024) out_dim(1024) batch_size(512)
init linear (input): in_dim(1024) out_dim(1024) batch_size(512)
init linear (input): in_dim(1024) out_dim(1024) batch_size(512)
init linear (input): in_dim(1024) out_dim(1024) batch_size(512)
init linear (input): in_dim(1024) out_dim(1024) batch_size(512)
init linear (input): in_dim(1024) out_dim(1024) batch_size(512)
init linear (input): in_dim(1024) out_dim(1024) batch_size(512)
init linear (input): in_dim(1024) out_dim(1024) batch_size(512)
init linear (input): in_dim(1024) out_dim(1024) batch_size(512)
init linear (input): in_dim(1024) out_dim(1024) batch_size(512)
init linear (input): in_dim(1024) out_dim(1024) batch_size(512)
init linear (input): in_dim(1024) out_dim(1024) batch_size(512)
init linear (input): in_dim(1024) out_dim(1024) batch_size(512)
init linear (input): in_dim(1024) out_dim(1024) batch_size(512)
init linear (input): in_dim(1024) out_dim(1024) batch_size(512)
init linear (input): in_dim(1024) out_dim(1024) batch_size(512)
init linear (input): in_dim(1024) out_dim(1024) batch_size(512)
init linear (input): in_dim(1024) out_dim(1024) batch_size(512)
init linear (input): in_dim(1024) out_dim(1024) batch_size(512)
init linear (input): in_dim(1024) out_dim(1024) batch_size(512)
init linear (input): in_dim(1024) out_dim(1024) batch_size(512)
init linear (input): in_dim(1024) out_dim(1024) batch_size(512)
init linear (input): in_dim(1024) out_dim(1024) batch_size(512)
init linear (input): in_dim(1024) out_dim(1024) batch_size(512)
init linear (input): in_dim(1024) out_dim(1024) batch_size(512)
init linear (input): in_dim(1024) out_dim(1024) batch_size(512)
init linear (input): in_dim(1024) out_dim(1024) batch_size(512)
init linear (input): in_dim(1024) out_dim(1024) batch_size(512)
init linear (input): in_dim(1024) out_dim(1024) batch_size(512)
init linear (input): in_dim(1024) out_dim(1024) batch_size(512)
init linear (input): in_dim(1024) out_dim(1024) batch_size(512)
init linear (input): in_dim(1024) out_dim(1024) batch_size(512)
init linear (input): in_dim(1024) out_dim(1024) batch_size(512)
init linear (input): in_dim(1024) out_dim(1024) batch_size(512)
init linear (input): in_dim(1024) out_dim(1024) batch_size(512)
init linear (input): in_dim(1024) out_dim(1024) batch_size(512)
init linear (input): in_dim(1024) out_dim(1024) batch_size(512)
init linear (input): in_dim(1024) out_dim(64) batch_size(512)
init linear (input): in_dim(1024) out_dim(64) batch_size(512)
init linear (input): in_dim(1024) out_dim(64) batch_size(512)
init linear (input): in_dim(1024) out_dim(64) batch_size(512)
init linear (input): in_dim(1024) out_dim(64) batch_size(512)
init linear (input): in_dim(1024) out_dim(64) batch_size(512)
init linear (input): in_dim(1024) out_dim(64) batch_size(512)
init linear (input): in_dim(1024) out_dim(64) batch_size(512)
init linear (input): in_dim(1024) out_dim(64) batch_size(512)
init linear (input): in_dim(1024) out_dim(64) batch_size(512)
init linear (input): in_dim(1024) out_dim(64) batch_size(512)
init linear (input): in_dim(1024) out_dim(64) batch_size(512)
init linear (input): in_dim(1024) out_dim(64) batch_size(512)
init linear (input): in_dim(1024) out_dim(64) batch_size(512)
init linear (input): in_dim(1024) out_dim(64) batch_size(512)
init linear (input): in_dim(1024) out_dim(64) batch_size(512)
init linear (input): in_dim(1024) out_dim(64) batch_size(512)
init linear (input): in_dim(1024) out_dim(64) batch_size(512)
init linear (input): in_dim(1024) out_dim(64) batch_size(512)
init linear (input): in_dim(1024) out_dim(64) batch_size(512)
init linear (input): in_dim(1024) out_dim(64) batch_size(512)
init linear (input): in_dim(1024) out_dim(64) batch_size(512)
init linear (input): in_dim(1024) out_dim(64) batch_size(512)
init linear (input): in_dim(1024) out_dim(64) batch_size(512)
init linear (input): in_dim(1024) out_dim(64) batch_size(512)
init linear (input): in_dim(1024) out_dim(64) batch_size(512)
init linear (input): in_dim(1024) out_dim(64) batch_size(512)
init linear (input): in_dim(1024) out_dim(64) batch_size(512)
init linear (input): in_dim(1024) out_dim(64) batch_size(512)
init linear (input): in_dim(1024) out_dim(64) batch_size(512)
init linear (input): in_dim(1024) out_dim(64) batch_size(512)
init linear (input): in_dim(1024) out_dim(64) batch_size(512)
init linear (input): in_dim(2112) out_dim(1024) batch_size(512)
init linear (input): in_dim(2112) out_dim(1024) batch_size(512)
init linear (input): in_dim(2112) out_dim(1024) batch_size(512)
init linear (input): in_dim(2112) out_dim(1024) batch_size(512)
init linear (input): in_dim(2112) out_dim(1024) batch_size(512)
init linear (input): in_dim(2112) out_dim(1024) batch_size(512)
init linear (input): in_dim(2112) out_dim(1024) batch_size(512)
init linear (input): in_dim(2112) out_dim(1024) batch_size(512)
init linear (input): in_dim(2112) out_dim(1024) batch_size(512)
init linear (input): in_dim(2112) out_dim(1024) batch_size(512)
init linear (input): in_dim(2112) out_dim(1024) batch_size(512)
init linear (input): in_dim(2112) out_dim(1024) batch_size(512)
init linear (input): in_dim(2112) out_dim(1024) batch_size(512)
init linear (input): in_dim(2112) out_dim(1024) batch_size(512)
init linear (input): in_dim(2112) out_dim(1024) batch_size(512)
init linear (input): in_dim(2112) out_dim(1024) batch_size(512)
init linear (input): in_dim(2112) out_dim(1024) batch_size(512)
init linear (input): in_dim(2112) out_dim(1024) batch_size(512)
init linear (input): in_dim(2112) out_dim(1024) batch_size(512)
init linear (input): in_dim(2112) out_dim(1024) batch_size(512)
init linear (input): in_dim(2112) out_dim(1024) batch_size(512)
init linear (input): in_dim(2112) out_dim(1024) batch_size(512)
init linear (input): in_dim(2112) out_dim(1024) batch_size(512)
init linear (input): in_dim(2112) out_dim(1024) batch_size(512)
init linear (input): in_dim(2112) out_dim(1024) batch_size(512)
init linear (input): in_dim(2112) out_dim(1024) batch_size(512)
init linear (input): in_dim(2112) out_dim(1024) batch_size(512)
init linear (input): in_dim(2112) out_dim(1024) batch_size(512)
init linear (input): in_dim(2112) out_dim(1024) batch_size(512)
init linear (input): in_dim(2112) out_dim(1024) batch_size(512)
init linear (input): in_dim(2112) out_dim(1024) batch_size(512)
init linear (input): in_dim(2112) out_dim(1024) batch_size(512)
init linear (input): in_dim(1024) out_dim(1024) batch_size(512)
init linear (input): in_dim(1024) out_dim(1024) batch_size(512)
init linear (input): in_dim(1024) out_dim(1024) batch_size(512)
init linear (input): in_dim(1024) out_dim(1024) batch_size(512)
init linear (input): in_dim(1024) out_dim(1024) batch_size(512)
init linear (input): in_dim(1024) out_dim(1024) batch_size(512)
init linear (input): in_dim(1024) out_dim(1024) batch_size(512)
init linear (input): in_dim(1024) out_dim(1024) batch_size(512)
init linear (input): in_dim(1024) out_dim(1024) batch_size(512)
init linear (input): in_dim(1024) out_dim(1024) batch_size(512)
init linear (input): in_dim(1024) out_dim(1024) batch_size(512)
init linear (input): in_dim(1024) out_dim(1024) batch_size(512)
init linear (input): in_dim(1024) out_dim(1024) batch_size(512)
init linear (input): in_dim(1024) out_dim(1024) batch_size(512)
init linear (input): in_dim(1024) out_dim(1024) batch_size(512)
init linear (input): in_dim(1024) out_dim(1024) batch_size(512)
init linear (input): in_dim(1024) out_dim(1024) batch_size(512)
init linear (input): in_dim(1024) out_dim(1024) batch_size(512)
init linear (input): in_dim(1024) out_dim(1024) batch_size(512)
init linear (input): in_dim(1024) out_dim(1024) batch_size(512)
init linear (input): in_dim(1024) out_dim(1024) batch_size(512)
init linear (input): in_dim(1024) out_dim(1024) batch_size(512)
init linear (input): in_dim(1024) out_dim(1024) batch_size(512)
init linear (input): in_dim(1024) out_dim(1024) batch_size(512)
init linear (input): in_dim(1024) out_dim(1024) batch_size(512)
init linear (input): in_dim(1024) out_dim(1024) batch_size(512)
init linear (input): in_dim(1024) out_dim(1024) batch_size(512)
init linear (input): in_dim(1024) out_dim(1024) batch_size(512)
init linear (input): in_dim(1024) out_dim(1024) batch_size(512)
init linear (input): in_dim(1024) out_dim(1024) batch_size(512)
init linear (input): in_dim(1024) out_dim(1024) batch_size(512)
init linear (input): in_dim(1024) out_dim(1024) batch_size(512)
init linear (input): in_dim(1024) out_dim(1024) batch_size(512)
init linear (input): in_dim(1024) out_dim(1024) batch_size(512)
init linear (input): in_dim(1024) out_dim(1024) batch_size(512)
init linear (input): in_dim(1024) out_dim(1024) batch_size(512)
init linear (input): in_dim(1024) out_dim(1024) batch_size(512)
init linear (input): in_dim(1024) out_dim(1024) batch_size(512)
init linear (input): in_dim(1024) out_dim(1024) batch_size(512)
init linear (input): in_dim(1024) out_dim(1024) batch_size(512)
init linear (input): in_dim(1024) out_dim(1024) batch_size(512)
init linear (input): in_dim(1024) out_dim(1024) batch_size(512)
init linear (input): in_dim(1024) out_dim(1024) batch_size(512)
init linear (input): in_dim(1024) out_dim(1024) batch_size(512)
init linear (input): in_dim(1024) out_dim(1024) batch_size(512)
init linear (input): in_dim(1024) out_dim(1024) batch_size(512)
init linear (input): in_dim(1024) out_dim(1024) batch_size(512)
init linear (input): in_dim(1024) out_dim(1024) batch_size(512)
init linear (input): in_dim(1024) out_dim(1024) batch_size(512)
init linear (input): in_dim(1024) out_dim(1024) batch_size(512)
init linear (input): in_dim(1024) out_dim(1024) batch_size(512)
init linear (input): in_dim(1024) out_dim(1024) batch_size(512)
init linear (input): in_dim(1024) out_dim(1024) batch_size(512)
init linear (input): in_dim(1024) out_dim(1024) batch_size(512)
init linear (input): in_dim(1024) out_dim(1024) batch_size(512)
init linear (input): in_dim(1024) out_dim(1024) batch_size(512)
init linear (input): in_dim(1024) out_dim(1024) batch_size(512)
init linear (input): in_dim(1024) out_dim(1024) batch_size(512)
init linear (input): in_dim(1024) out_dim(1024) batch_size(512)
init linear (input): in_dim(1024) out_dim(1024) batch_size(512)
init linear (input): in_dim(1024) out_dim(1024) batch_size(512)
init linear (input): in_dim(1024) out_dim(1024) batch_size(512)
init linear (input): in_dim(1024) out_dim(1024) batch_size(512)
init linear (input): in_dim(1024) out_dim(1024) batch_size(512)
init linear (input): in_dim(1024) out_dim(1024) batch_size(512)
init linear (input): in_dim(1024) out_dim(1024) batch_size(512)
init linear (input): in_dim(1024) out_dim(1024) batch_size(512)
init linear (input): in_dim(1024) out_dim(1024) batch_size(512)
init linear (input): in_dim(1024) out_dim(1024) batch_size(512)
init linear (input): in_dim(1024) out_dim(1024) batch_size(512)
init linear (input): in_dim(1024) out_dim(1024) batch_size(512)
init linear (input): in_dim(1024) out_dim(1024) batch_size(512)
init linear (input): in_dim(1024) out_dim(1024) batch_size(512)
init linear (input): in_dim(1024) out_dim(1024) batch_size(512)
init linear (input): in_dim(1024) out_dim(1024) batch_size(512)
init linear (input): in_dim(1024) out_dim(1024) batch_size(512)
init linear (input): in_dim(1024) out_dim(1024) batch_size(512)
init linear (input): in_dim(1024) out_dim(1024) batch_size(512)
init linear (input): in_dim(1024) out_dim(1024) batch_size(512)
init linear (input): in_dim(1024) out_dim(1024) batch_size(512)
init linear (input): in_dim(1024) out_dim(1024) batch_size(512)
init linear (input): in_dim(1024) out_dim(1024) batch_size(512)
init linear (input): in_dim(1024) out_dim(1024) batch_size(512)
init linear (input): in_dim(1024) out_dim(1024) batch_size(512)
init linear (input): in_dim(1024) out_dim(1024) batch_size(512)
init linear (input): in_dim(1024) out_dim(1024) batch_size(512)
init linear (input): in_dim(1024) out_dim(1024) batch_size(512)
init linear (input): in_dim(1024) out_dim(1024) batch_size(512)
init linear (input): in_dim(1024) out_dim(1024) batch_size(512)
init linear (input): in_dim(1024) out_dim(1024) batch_size(512)
init linear (input): in_dim(1024) out_dim(1024) batch_size(512)
init linear (input): in_dim(1024) out_dim(1024) batch_size(512)
init linear (input): in_dim(1024) out_dim(1024) batch_size(512)
init linear (input): in_dim(1024) out_dim(1024) batch_size(512)
init linear (input): in_dim(1024) out_dim(1024) batch_size(512)
init linear (input): in_dim(1024) out_dim(1024) batch_size(512)
init linear (input): in_dim(1024) out_dim(1) batch_size(512)
init linear (input): in_dim(1024) out_dim(1) batch_size(512)
init linear (input): in_dim(1024) out_dim(1) batch_size(512)
init linear (input): in_dim(1024) out_dim(1) batch_size(512)
init linear (input): in_dim(1024) out_dim(1) batch_size(512)
init linear (input): in_dim(1024) out_dim(1) batch_size(512)
init linear (input): in_dim(1024) out_dim(1) batch_size(512)
init linear (input): in_dim(1024) out_dim(1) batch_size(512)
init linear (input): in_dim(1024) out_dim(1) batch_size(512)
init linear (input): in_dim(1024) out_dim(1) batch_size(512)
init linear (input): in_dim(1024) out_dim(1) batch_size(512)
init linear (input): in_dim(1024) out_dim(1) batch_size(512)
init linear (input): in_dim(1024) out_dim(1) batch_size(512)
init linear (input): in_dim(1024) out_dim(1) batch_size(512)
init linear (input): in_dim(1024) out_dim(1) batch_size(512)
init linear (input): in_dim(1024) out_dim(1) batch_size(512)
init linear (input): in_dim(1024) out_dim(1) batch_size(512)
init linear (input): in_dim(1024) out_dim(1) batch_size(512)
init linear (input): in_dim(1024) out_dim(1) batch_size(512)
init linear (input): in_dim(1024) out_dim(1) batch_size(512)
init linear (input): in_dim(1024) out_dim(1) batch_size(512)
init linear (input): in_dim(1024) out_dim(1) batch_size(512)
init linear (input): in_dim(1024) out_dim(1) batch_size(512)
init linear (input): in_dim(1024) out_dim(1) batch_size(512)
init linear (input): in_dim(1024) out_dim(1) batch_size(512)
init linear (input): in_dim(1024) out_dim(1) batch_size(512)
init linear (input): in_dim(1024) out_dim(1) batch_size(512)
init linear (input): in_dim(1024) out_dim(1) batch_size(512)
init linear (input): in_dim(1024) out_dim(1) batch_size(512)
init linear (input): in_dim(1024) out_dim(1) batch_size(512)
init linear (input): in_dim(1024) out_dim(1) batch_size(512)
init linear (input): in_dim(1024) out_dim(1) batch_size(512)
[2 - 7f9f30631700] {3}{DLRM}: Use random dataset...
[2 - 7f9f30631700] {3}{DLRM}: Number of random samples = 32768

[3 - 7fee444f3700] {3}{DLRM}: Use random dataset...
[3 - 7fee444f3700] {3}{DLRM}: Number of random samples = 32768

[1 - 7f8cc04f3700] {3}{DLRM}: Use random dataset...
[1 - 7f8cc04f3700] {3}{DLRM}: Number of random samples = 32768

[0 - 7f93bc274700] {3}{DLRM}: Use random dataset...
[0 - 7f93bc274700] {3}{DLRM}: Number of random samples = 32768

[1 - 7f8cc04f3700] {3}{DLRM}: Start generating random input samples
acc_train_loss: 0.2599 train_accuracy: 50.35%(8249/16384)
[0 - 7f93bc274700] {3}{DLRM}: Warmup finished...Start timer...
[0 - 7f93bc274700] {3}{DLRM}: Num. epochs = 5
[0 - 7f93bc274700] {3}{DLRM}: Num. iterations/epoch = 2
[3 - 7fee444f3700] {3}{DLRM}: Warmup finished...Start timer...
[3 - 7fee444f3700] {3}{DLRM}: Num. epochs = 5
[3 - 7fee444f3700] {3}{DLRM}: Num. iterations/epoch = 2
[2 - 7f9f30631700] {3}{DLRM}: Warmup finished...Start timer...
[2 - 7f9f30631700] {3}{DLRM}: Num. epochs = 5
[2 - 7f9f30631700] {3}{DLRM}: Num. iterations/epoch = 2
[1 - 7f8cc04f3700] {3}{DLRM}: Warmup finished...Start timer...
[1 - 7f8cc04f3700] {3}{DLRM}: Num. epochs = 5
[1 - 7f8cc04f3700] {3}{DLRM}: Num. iterations/epoch = 2
acc_train_loss: 0.5035 train_accuracy: 49.65%(8135/16384)
acc_train_loss: 0.5035 train_accuracy: 49.65%(16270/32768)
acc_train_loss: 0.5035 train_accuracy: 49.65%(8135/16384)
acc_train_loss: nan train_accuracy: 49.65%(16270/32768)
acc_train_loss: nan train_accuracy: 49.65%(8135/16384)
acc_train_loss: nan train_accuracy: 49.65%(16270/32768)
acc_train_loss: nan train_accuracy: 49.65%(8135/16384)
acc_train_loss: nan train_accuracy: 49.65%(16270/32768)
acc_train_loss: nan train_accuracy: 49.65%(8135/16384)
acc_train_loss: nan train_accuracy: 49.65%(16270/32768)
ELAPSED TIME = 2.4555s, THROUGHPUT = 66723.27 samples/s
ELAPSED TIME = 2.4555s, THROUGHPUT = 66723.84 samples/s
ELAPSED TIME = 2.4555s, THROUGHPUT = 66723.98 samples/s
ELAPSED TIME = 2.4555s, THROUGHPUT = 66723.14 samples/s
