/usr/share/modules/init/bash: line 58: export: _moduleraw: not a function
/usr/share/modules/init/bash: line 58: export: _moduleraw: not a function
/usr/share/modules/init/bash: line 58: export: _moduleraw: not a function
/usr/share/modules/init/bash: line 58: export: _moduleraw: not a function
/usr/share/modules/init/bash: line 58: export: _moduleraw: not a function
/usr/share/modules/init/bash: line 58: export: _moduleraw: not a function
/usr/share/modules/init/bash: line 58: export: _moduleraw: not a function
/usr/share/modules/init/bash: line 58: export: _moduleraw: not a function
1000000-1000000-1000000-1000000-1000000-1000000-1000000-1000000-1000000-1000000-1000000-1000000-1000000-1000000-1000000-1000000-1000000-1000000-1000000-1000000-1000000-1000000-1000000-1000000-1000000-1000000-1000000-1000000-1000000-1000000-1000000-1000000-1000000-1000000-1000000-1000000-1000000-1000000-1000000-1000000-1000000-1000000-1000000-1000000-1000000-1000000-1000000-1000000-1000000-1000000-1000000-1000000-1000000-1000000-1000000-1000000-1000000-1000000-1000000-1000000-1000000-1000000-1000000-1000000
../../src/runtime/dlrm_strategy_emb_8_gpu_8_node_8.pb
1000000-1000000-1000000-1000000-1000000-1000000-1000000-1000000-1000000-1000000-1000000-1000000-1000000-1000000-1000000-1000000-1000000-1000000-1000000-1000000-1000000-1000000-1000000-1000000-1000000-1000000-1000000-1000000-1000000-1000000-1000000-1000000-1000000-1000000-1000000-1000000-1000000-1000000-1000000-1000000-1000000-1000000-1000000-1000000-1000000-1000000-1000000-1000000-1000000-1000000-1000000-1000000-1000000-1000000-1000000-1000000-1000000-1000000-1000000-1000000-1000000-1000000-1000000-1000000
../../src/runtime/dlrm_strategy_emb_8_gpu_8_node_8.pb
1000000-1000000-1000000-1000000-1000000-1000000-1000000-1000000-1000000-1000000-1000000-1000000-1000000-1000000-1000000-1000000-1000000-1000000-1000000-1000000-1000000-1000000-1000000-1000000-1000000-1000000-1000000-1000000-1000000-1000000-1000000-1000000-1000000-1000000-1000000-1000000-1000000-1000000-1000000-1000000-1000000-1000000-1000000-1000000-1000000-1000000-1000000-1000000-1000000-1000000-1000000-1000000-1000000-1000000-1000000-1000000-1000000-1000000-1000000-1000000-1000000-1000000-1000000-1000000
../../src/runtime/dlrm_strategy_emb_8_gpu_8_node_8.pb
1000000-1000000-1000000-1000000-1000000-1000000-1000000-1000000-1000000-1000000-1000000-1000000-1000000-1000000-1000000-1000000-1000000-1000000-1000000-1000000-1000000-1000000-1000000-1000000-1000000-1000000-1000000-1000000-1000000-1000000-1000000-1000000-1000000-1000000-1000000-1000000-1000000-1000000-1000000-1000000-1000000-1000000-1000000-1000000-1000000-1000000-1000000-1000000-1000000-1000000-1000000-1000000-1000000-1000000-1000000-1000000-1000000-1000000-1000000-1000000-1000000-1000000-1000000-1000000
../../src/runtime/dlrm_strategy_emb_8_gpu_8_node_8.pb
1000000-1000000-1000000-1000000-1000000-1000000-1000000-1000000-1000000-1000000-1000000-1000000-1000000-1000000-1000000-1000000-1000000-1000000-1000000-1000000-1000000-1000000-1000000-1000000-1000000-1000000-1000000-1000000-1000000-1000000-1000000-1000000-1000000-1000000-1000000-1000000-1000000-1000000-1000000-1000000-1000000-1000000-1000000-1000000-1000000-1000000-1000000-1000000-1000000-1000000-1000000-1000000-1000000-1000000-1000000-1000000-1000000-1000000-1000000-1000000-1000000-1000000-1000000-1000000
../../src/runtime/dlrm_strategy_emb_8_gpu_8_node_8.pb
1000000-1000000-1000000-1000000-1000000-1000000-1000000-1000000-1000000-1000000-1000000-1000000-1000000-1000000-1000000-1000000-1000000-1000000-1000000-1000000-1000000-1000000-1000000-1000000-1000000-1000000-1000000-1000000-1000000-1000000-1000000-1000000-1000000-1000000-1000000-1000000-1000000-1000000-1000000-1000000-1000000-1000000-1000000-1000000-1000000-1000000-1000000-1000000-1000000-1000000-1000000-1000000-1000000-1000000-1000000-1000000-1000000-1000000-1000000-1000000-1000000-1000000-1000000-1000000
../../src/runtime/dlrm_strategy_emb_8_gpu_8_node_8.pb
1000000-1000000-1000000-1000000-1000000-1000000-1000000-1000000-1000000-1000000-1000000-1000000-1000000-1000000-1000000-1000000-1000000-1000000-1000000-1000000-1000000-1000000-1000000-1000000-1000000-1000000-1000000-1000000-1000000-1000000-1000000-1000000-1000000-1000000-1000000-1000000-1000000-1000000-1000000-1000000-1000000-1000000-1000000-1000000-1000000-1000000-1000000-1000000-1000000-1000000-1000000-1000000-1000000-1000000-1000000-1000000-1000000-1000000-1000000-1000000-1000000-1000000-1000000-1000000
../../src/runtime/dlrm_strategy_emb_8_gpu_8_node_8.pb
1000000-1000000-1000000-1000000-1000000-1000000-1000000-1000000-1000000-1000000-1000000-1000000-1000000-1000000-1000000-1000000-1000000-1000000-1000000-1000000-1000000-1000000-1000000-1000000-1000000-1000000-1000000-1000000-1000000-1000000-1000000-1000000-1000000-1000000-1000000-1000000-1000000-1000000-1000000-1000000-1000000-1000000-1000000-1000000-1000000-1000000-1000000-1000000-1000000-1000000-1000000-1000000-1000000-1000000-1000000-1000000-1000000-1000000-1000000-1000000-1000000-1000000-1000000-1000000
../../src/runtime/dlrm_strategy_emb_8_gpu_8_node_8.pb
[5 - 7f0a10631700] {3}{Mapper}: Load parallelization strategy from file ../../src/runtime/dlrm_strategy_emb_8_gpu_8_node_8.pb
[7 - 7f3db0049700] {3}{Mapper}: Load parallelization strategy from file ../../src/runtime/dlrm_strategy_emb_8_gpu_8_node_8.pb
[4 - 7f40f077a700] {3}{Mapper}: Load parallelization strategy from file ../../src/runtime/dlrm_strategy_emb_8_gpu_8_node_8.pb
[1 - 7f5bfc4f3700] {3}{Mapper}: Load parallelization strategy from file ../../src/runtime/dlrm_strategy_emb_8_gpu_8_node_8.pb
[0 - 7fca24082700] {3}{Mapper}: Load parallelization strategy from file ../../src/runtime/dlrm_strategy_emb_8_gpu_8_node_8.pb
[2 - 7fdbac4f3700] {3}{Mapper}: Load parallelization strategy from file ../../src/runtime/dlrm_strategy_emb_8_gpu_8_node_8.pb
[3 - 7f6d14117700] {3}{Mapper}: Load parallelization strategy from file ../../src/runtime/dlrm_strategy_emb_8_gpu_8_node_8.pb
[6 - 7f5a044f3700] {3}{Mapper}: Load parallelization strategy from file ../../src/runtime/dlrm_strategy_emb_8_gpu_8_node_8.pb
strategies.size() = 67
strategies.size() = 67
strategies.size() = 67
strategies.size() = 67
strategies.size() = 67
strategies.size() = 67
strategies.size() = 67
strategies.size() = 67
[5 - 7f0a10631700] {3}{DLRM}: batchSize(32768) workersPerNodes(8) numNodes(8)
[5 - 7f0a10631700] {3}{DLRM}: EmbeddingBagSize(1)
[5 - 7f0a10631700] {3}{DLRM}: Embedding Vocab Sizes: 1000000 1000000 1000000 1000000 1000000 1000000 1000000 1000000 1000000 1000000 1000000 1000000 1000000 1000000 1000000 1000000 1000000 1000000 1000000 1000000 1000000 1000000 1000000 1000000 1000000 1000000 1000000 1000000 1000000 1000000 1000000 1000000 1000000 1000000 1000000 1000000 1000000 1000000 1000000 1000000 1000000 1000000 1000000 1000000 1000000 1000000 1000000 1000000 1000000 1000000 1000000 1000000 1000000 1000000 1000000 1000000 1000000 1000000 1000000 1000000 1000000 1000000 1000000 1000000
[5 - 7f0a10631700] {3}{DLRM}: MLP Top: 4160 1024 1024 1024 1024 1
[5 - 7f0a10631700] {3}{DLRM}: MLP Bot: 64 1024 1024 1024 64
[7 - 7f3db0049700] {3}{DLRM}: batchSize(32768) workersPerNodes(8) numNodes(8)
[7 - 7f3db0049700] {3}{DLRM}: EmbeddingBagSize(1)
[7 - 7f3db0049700] {3}{DLRM}: Embedding Vocab Sizes: 1000000 1000000 1000000 1000000 1000000 1000000 1000000 1000000 1000000 1000000 1000000 1000000 1000000 1000000 1000000 1000000 1000000 1000000 1000000 1000000 1000000 1000000 1000000 1000000 1000000 1000000 1000000 1000000 1000000 1000000 1000000 1000000 1000000 1000000 1000000 1000000 1000000 1000000 1000000 1000000 1000000 1000000 1000000 1000000 1000000 1000000 1000000 1000000 1000000 1000000 1000000 1000000 1000000 1000000 1000000 1000000 1000000 1000000 1000000 1000000 1000000 1000000 1000000 1000000
[7 - 7f3db0049700] {3}{DLRM}: MLP Top: 4160 1024 1024 1024 1024 1
[1 - 7f5bfc4f3700] {3}{DLRM}: batchSize(32768) workersPerNodes(8) numNodes(8)
[1 - 7f5bfc4f3700] {3}{DLRM}: EmbeddingBagSize(1)
[1 - 7f5bfc4f3700] {3}{DLRM}: Embedding Vocab Sizes: 1000000 1000000 1000000 1000000 1000000 1000000 1000000 1000000 1000000 1000000 1000000 1000000 1000000 1000000 1000000 1000000 1000000 1000000 1000000 1000000 1000000 1000000 1000000 1000000 1000000 1000000 1000000 1000000 1000000 1000000 1000000 1000000 1000000 1000000 1000000 1000000 1000000 1000000 1000000 1000000 1000000 1000000 1000000 1000000 1000000 1000000 1000000 1000000 1000000 1000000 1000000 1000000 1000000 1000000 1000000 1000000 1000000 1000000 1000000 1000000 1000000 1000000 1000000 1000000
[1 - 7f5bfc4f3700] {3}{DLRM}: MLP Top: 4160 1024 1024 1024 1024 1
[0 - 7fca24082700] {3}{DLRM}: batchSize(32768) workersPerNodes(8) numNodes(8)
[0 - 7fca24082700] {3}{DLRM}: EmbeddingBagSize(1)
[0 - 7fca24082700] {3}{DLRM}: Embedding Vocab Sizes: 1000000 1000000 1000000 1000000 1000000 1000000 1000000 1000000 1000000 1000000 1000000 1000000 1000000 1000000 1000000 1000000 1000000 1000000 1000000 1000000 1000000 1000000 1000000 1000000 1000000 1000000 1000000 1000000 1000000 1000000 1000000 1000000 1000000 1000000 1000000 1000000 1000000 1000000 1000000 1000000 1000000 1000000 1000000 1000000 1000000 1000000 1000000 1000000 1000000 1000000 1000000 1000000 1000000 1000000 1000000 1000000 1000000 1000000 1000000 1000000 1000000 1000000 1000000 1000000
[2 - 7fdbac4f3700] {3}{DLRM}: batchSize(32768) workersPerNodes(8) numNodes(8)
[2 - 7fdbac4f3700] {3}{DLRM}: EmbeddingBagSize(1)
[2 - 7fdbac4f3700] {3}{DLRM}: Embedding Vocab Sizes: 1000000 1000000 1000000 1000000 1000000 1000000 1000000 1000000 1000000 1000000 1000000 1000000 1000000 1000000 1000000 1000000 1000000 1000000 1000000 1000000 1000000 1000000 1000000 1000000 1000000 1000000 1000000 1000000 1000000 1000000 1000000 1000000 1000000 1000000 1000000 1000000 1000000 1000000 1000000 1000000 1000000 1000000 1000000 1000000 1000000 1000000 1000000 1000000 1000000 1000000 1000000 1000000 1000000 1000000 1000000 1000000 1000000 1000000 1000000 1000000 1000000 1000000 1000000 1000000
[2 - 7fdbac4f3700] {3}{DLRM}: MLP Top: 4160 1024 1024 1024 1024 1
[3 - 7f6d14117700] {3}{DLRM}: batchSize(32768) workersPerNodes(8) numNodes(8)
[3 - 7f6d14117700] {3}{DLRM}: EmbeddingBagSize(1)
[3 - 7f6d14117700] {3}{DLRM}: Embedding Vocab Sizes: 1000000 1000000 1000000 1000000 1000000 1000000 1000000 1000000 1000000 1000000 1000000 1000000 1000000 1000000 1000000 1000000 1000000 1000000 1000000 1000000 1000000 1000000 1000000 1000000 1000000 1000000 1000000 1000000 1000000 1000000 1000000 1000000 1000000 1000000 1000000 1000000 1000000 1000000 1000000 1000000 1000000 1000000 1000000 1000000 1000000 1000000 1000000 1000000 1000000 1000000 1000000 1000000 1000000 1000000 1000000 1000000 1000000 1000000 1000000 1000000 1000000 1000000 1000000 1000000
[3 - 7f6d14117700] {3}{DLRM}: MLP Top: 4160 1024 1024 1024 1024 1
[3 - 7f6d14117700] {3}{DLRM}: MLP Bot: 64 1024 1024 1024 64
[6 - 7f5a044f3700] {3}{DLRM}: batchSize(32768) workersPerNodes(8) numNodes(8)
[6 - 7f5a044f3700] {3}{DLRM}: EmbeddingBagSize(1)
[6 - 7f5a044f3700] {3}{DLRM}: Embedding Vocab Sizes: 1000000 1000000 1000000 1000000 1000000 1000000 1000000 1000000 1000000 1000000 1000000 1000000 1000000 1000000 1000000 1000000 1000000 1000000 1000000 1000000 1000000 1000000 1000000 1000000 1000000 1000000 1000000 1000000 1000000 1000000 1000000 1000000 1000000 1000000 1000000 1000000 1000000 1000000 1000000 1000000 1000000 1000000 1000000 1000000 1000000 1000000 1000000 1000000 1000000 1000000 1000000 1000000 1000000 1000000 1000000 1000000 1000000 1000000 1000000 1000000 1000000 1000000 1000000 1000000
[6 - 7f5a044f3700] {3}{DLRM}: MLP Top: 4160 1024 1024 1024 1024 1
[6 - 7f5a044f3700] {3}{DLRM}: MLP Bot: 64 1024 1024 1024 64
[7 - 7f3db0049700] {3}{DLRM}: MLP Bot: 64 1024 1024 1024 64
[4 - 7f40f077a700] {3}{DLRM}: batchSize(32768) workersPerNodes(8) numNodes(8)
[4 - 7f40f077a700] {3}{DLRM}: EmbeddingBagSize(1)
[1 - 7f5bfc4f3700] {3}{DLRM}: MLP Bot: 64 1024 1024 1024 64
[0 - 7fca24082700] {3}{DLRM}: MLP Top: 4160 1024 1024 1024 1024 1
[0 - 7fca24082700] {3}{DLRM}: MLP Bot: 64 1024 1024 1024 64
[2 - 7fdbac4f3700] {3}{DLRM}: MLP Bot: 64 1024 1024 1024 64
[4 - 7f40f077a700] {3}{DLRM}: Embedding Vocab Sizes: 1000000 1000000 1000000 1000000 1000000 1000000 1000000 1000000 1000000 1000000 1000000 1000000 1000000 1000000 1000000 1000000 1000000 1000000 1000000 1000000 1000000 1000000 1000000 1000000 1000000 1000000 1000000 1000000 1000000 1000000 1000000 1000000 1000000 1000000 1000000 1000000 1000000 1000000 1000000 1000000 1000000 1000000 1000000 1000000 1000000 1000000 1000000 1000000 1000000 1000000 1000000 1000000 1000000 1000000 1000000 1000000 1000000 1000000 1000000 1000000 1000000 1000000 1000000 1000000
[4 - 7f40f077a700] {3}{DLRM}: MLP Top: 4160 1024 1024 1024 1024 1
[4 - 7f40f077a700] {3}{DLRM}: MLP Bot: 64 1024 1024 1024 64
strategies.size() = 67
strategies.size() = 67
strategies.size() = 67
strategies.size() = 67
strategies.size() = 67
strategies.size() = 67
strategies.size() = 67
strategies.size() = 67
workSpaceSize (1024 MB)
workSpaceSize (1024 MB)
workSpaceSize (1024 MB)
workSpaceSize (1024 MB)
workSpaceSize (1024 MB)
workSpaceSize (1024 MB)
workSpaceSize (1024 MB)
workSpaceSize (1024 MB)
workSpaceSize (1024 MB)
workSpaceSize (1024 MB)
workSpaceSize (1024 MB)
workSpaceSize (1024 MB)
workSpaceSize (1024 MB)
workSpaceSize (1024 MB)
workSpaceSize (1024 MB)
workSpaceSize (1024 MB)
workSpaceSize (1024 MB)
workSpaceSize (1024 MB)
workSpaceSize (1024 MB)
workSpaceSize (1024 MB)
workSpaceSize (1024 MB)
workSpaceSize (1024 MB)
workSpaceSize (1024 MB)
workSpaceSize (1024 MB)
workSpaceSize (1024 MB)
workSpaceSize (1024 MB)
workSpaceSize (1024 MB)
workSpaceSize (1024 MB)
workSpaceSize (1024 MB)
workSpaceSize (1024 MB)
workSpaceSize (1024 MB)
workSpaceSize (1024 MB)
workSpaceSize (1024 MB)
workSpaceSize (1024 MB)
workSpaceSize (1024 MB)
workSpaceSize (1024 MB)
workSpaceSize (1024 MB)
workSpaceSize (1024 MB)
workSpaceSize (1024 MB)
workSpaceSize (1024 MB)
workSpaceSize (1024 MB)
workSpaceSize (1024 MB)
workSpaceSize (1024 MB)
workSpaceSize (1024 MB)
workSpaceSize (1024 MB)
workSpaceSize (1024 MB)
workSpaceSize (1024 MB)
workSpaceSize (1024 MB)
workSpaceSize (1024 MB)
workSpaceSize (1024 MB)
workSpaceSize (1024 MB)
workSpaceSize (1024 MB)
workSpaceSize (1024 MB)
workSpaceSize (1024 MB)
workSpaceSize (1024 MB)
workSpaceSize (1024 MB)
workSpaceSize (1024 MB)
workSpaceSize (1024 MB)
workSpaceSize (1024 MB)
workSpaceSize (1024 MB)
workSpaceSize (1024 MB)
workSpaceSize (1024 MB)
workSpaceSize (1024 MB)
workSpaceSize (1024 MB)
domain.volume() = 65536 mean(0.0000) var(0.0429)
domain.volume() = 1024 mean(0.0000) var(0.0442)
domain.volume() = 1048576 mean(0.0000) var(0.0312)
domain.volume() = 1024 mean(0.0000) var(0.0442)
domain.volume() = 1048576 mean(0.0000) var(0.0312)
domain.volume() = 1024 mean(0.0000) var(0.0442)
domain.volume() = 65536 mean(0.0000) var(0.0429)
domain.volume() = 64 mean(0.0000) var(0.1768)
concat: dim[0] = 32768
concat: dim[1] = 4160
concat: dim[0] = 32768
concat: dim[1] = 4160
concat: dim[0] = 32768
concat: dim[1] = 4160
concat: dim[0] = 32768
concat: dim[1] = 4160
concat: dim[0] = 32768
concat: dim[1] = 4160
concat: dim[0] = 32768
concat: dim[1] = 4160
concat: dim[0] = 32768
concat: dim[1] = 4160
concat: dim[0] = 32768
concat: dim[1] = 4160
domain.volume() = 4259840 mean(0.0000) var(0.0196)
domain.volume() = 1024 mean(0.0000) var(0.0442)
domain.volume() = 1048576 mean(0.0000) var(0.0312)
domain.volume() = 1024 mean(0.0000) var(0.0442)
domain.volume() = 1048576 mean(0.0000) var(0.0312)
domain.volume() = 1024 mean(0.0000) var(0.0442)
domain.volume() = 1048576 mean(0.0000) var(0.0312)
domain.volume() = 1024 mean(0.0000) var(0.0442)
domain.volume() = 1024 mean(0.0000) var(0.0442)
domain.volume() = 1 mean(0.0000) var(1.4142)
init linear (input): in_dim(64) out_dim(1024) batch_size(512)
init linear (input): in_dim(64) out_dim(1024) batch_size(512)
init linear (input): in_dim(64) out_dim(1024) batch_size(512)
init linear (input): in_dim(64) out_dim(1024) batch_size(512)
init linear (input): in_dim(64) out_dim(1024) batch_size(512)
init linear (input): in_dim(64) out_dim(1024) batch_size(512)
init linear (input): in_dim(64) out_dim(1024) batch_size(512)
init linear (input): in_dim(64) out_dim(1024) batch_size(512)
init linear (input): in_dim(64) out_dim(1024) batch_size(512)
init linear (input): in_dim(64) out_dim(1024) batch_size(512)
init linear (input): in_dim(64) out_dim(1024) batch_size(512)
init linear (input): in_dim(64) out_dim(1024) batch_size(512)
init linear (input): in_dim(64) out_dim(1024) batch_size(512)
init linear (input): in_dim(64) out_dim(1024) batch_size(512)
init linear (input): in_dim(64) out_dim(1024) batch_size(512)
init linear (input): in_dim(64) out_dim(1024) batch_size(512)
init linear (input): in_dim(64) out_dim(1024) batch_size(512)
init linear (input): in_dim(64) out_dim(1024) batch_size(512)
init linear (input): in_dim(64) out_dim(1024) batch_size(512)
init linear (input): in_dim(64) out_dim(1024) batch_size(512)
init linear (input): in_dim(64) out_dim(1024) batch_size(512)
init linear (input): in_dim(64) out_dim(1024) batch_size(512)
init linear (input): in_dim(64) out_dim(1024) batch_size(512)
init linear (input): in_dim(64) out_dim(1024) batch_size(512)
init linear (input): in_dim(64) out_dim(1024) batch_size(512)
init linear (input): in_dim(64) out_dim(1024) batch_size(512)
init linear (input): in_dim(64) out_dim(1024) batch_size(512)
init linear (input): in_dim(64) out_dim(1024) batch_size(512)
init linear (input): in_dim(64) out_dim(1024) batch_size(512)
init linear (input): in_dim(64) out_dim(1024) batch_size(512)
init linear (input): in_dim(64) out_dim(1024) batch_size(512)
init linear (input): in_dim(64) out_dim(1024) batch_size(512)
init linear (input): in_dim(64) out_dim(1024) batch_size(512)
init linear (input): in_dim(64) out_dim(1024) batch_size(512)
init linear (input): in_dim(64) out_dim(1024) batch_size(512)
init linear (input): in_dim(64) out_dim(1024) batch_size(512)
init linear (input): in_dim(64) out_dim(1024) batch_size(512)
init linear (input): in_dim(64) out_dim(1024) batch_size(512)
init linear (input): in_dim(64) out_dim(1024) batch_size(512)
init linear (input): in_dim(64) out_dim(1024) batch_size(512)
init linear (input): in_dim(64) out_dim(1024) batch_size(512)
init linear (input): in_dim(64) out_dim(1024) batch_size(512)
init linear (input): in_dim(64) out_dim(1024) batch_size(512)
init linear (input): in_dim(64) out_dim(1024) batch_size(512)
init linear (input): in_dim(64) out_dim(1024) batch_size(512)
init linear (input): in_dim(64) out_dim(1024) batch_size(512)
init linear (input): in_dim(64) out_dim(1024) batch_size(512)
init linear (input): in_dim(64) out_dim(1024) batch_size(512)
init linear (input): in_dim(64) out_dim(1024) batch_size(512)
init linear (input): in_dim(64) out_dim(1024) batch_size(512)
init linear (input): in_dim(64) out_dim(1024) batch_size(512)
init linear (input): in_dim(64) out_dim(1024) batch_size(512)
init linear (input): in_dim(64) out_dim(1024) batch_size(512)
init linear (input): in_dim(64) out_dim(1024) batch_size(512)
init linear (input): in_dim(64) out_dim(1024) batch_size(512)
init linear (input): in_dim(64) out_dim(1024) batch_size(512)
init linear (input): in_dim(64) out_dim(1024) batch_size(512)
init linear (input): in_dim(64) out_dim(1024) batch_size(512)
init linear (input): in_dim(64) out_dim(1024) batch_size(512)
init linear (input): in_dim(64) out_dim(1024) batch_size(512)
init linear (input): in_dim(64) out_dim(1024) batch_size(512)
init linear (input): in_dim(64) out_dim(1024) batch_size(512)
init linear (input): in_dim(64) out_dim(1024) batch_size(512)
init linear (input): in_dim(64) out_dim(1024) batch_size(512)
init linear (input): in_dim(1024) out_dim(1024) batch_size(512)
init linear (input): in_dim(1024) out_dim(1024) batch_size(512)
init linear (input): in_dim(1024) out_dim(1024) batch_size(512)
init linear (input): in_dim(1024) out_dim(1024) batch_size(512)
init linear (input): in_dim(1024) out_dim(1024) batch_size(512)
init linear (input): in_dim(1024) out_dim(1024) batch_size(512)
init linear (input): in_dim(1024) out_dim(1024) batch_size(512)
init linear (input): in_dim(1024) out_dim(1024) batch_size(512)
init linear (input): in_dim(1024) out_dim(1024) batch_size(512)
init linear (input): in_dim(1024) out_dim(1024) batch_size(512)
init linear (input): in_dim(1024) out_dim(1024) batch_size(512)
init linear (input): in_dim(1024) out_dim(1024) batch_size(512)
init linear (input): in_dim(1024) out_dim(1024) batch_size(512)
init linear (input): in_dim(1024) out_dim(1024) batch_size(512)
init linear (input): in_dim(1024) out_dim(1024) batch_size(512)
init linear (input): in_dim(1024) out_dim(1024) batch_size(512)
init linear (input): in_dim(1024) out_dim(1024) batch_size(512)
init linear (input): in_dim(1024) out_dim(1024) batch_size(512)
init linear (input): in_dim(1024) out_dim(1024) batch_size(512)
init linear (input): in_dim(1024) out_dim(1024) batch_size(512)
init linear (input): in_dim(1024) out_dim(1024) batch_size(512)
init linear (input): in_dim(1024) out_dim(1024) batch_size(512)
init linear (input): in_dim(1024) out_dim(1024) batch_size(512)
init linear (input): in_dim(1024) out_dim(1024) batch_size(512)
init linear (input): in_dim(1024) out_dim(1024) batch_size(512)
init linear (input): in_dim(1024) out_dim(1024) batch_size(512)
init linear (input): in_dim(1024) out_dim(1024) batch_size(512)
init linear (input): in_dim(1024) out_dim(1024) batch_size(512)
init linear (input): in_dim(1024) out_dim(1024) batch_size(512)
init linear (input): in_dim(1024) out_dim(1024) batch_size(512)
init linear (input): in_dim(1024) out_dim(1024) batch_size(512)
init linear (input): in_dim(1024) out_dim(1024) batch_size(512)
init linear (input): in_dim(1024) out_dim(1024) batch_size(512)
init linear (input): in_dim(1024) out_dim(1024) batch_size(512)
init linear (input): in_dim(1024) out_dim(1024) batch_size(512)
init linear (input): in_dim(1024) out_dim(1024) batch_size(512)
init linear (input): in_dim(1024) out_dim(1024) batch_size(512)
init linear (input): in_dim(1024) out_dim(1024) batch_size(512)
init linear (input): in_dim(1024) out_dim(1024) batch_size(512)
init linear (input): in_dim(1024) out_dim(1024) batch_size(512)
init linear (input): in_dim(1024) out_dim(1024) batch_size(512)
init linear (input): in_dim(1024) out_dim(1024) batch_size(512)
init linear (input): in_dim(1024) out_dim(1024) batch_size(512)
init linear (input): in_dim(1024) out_dim(1024) batch_size(512)
init linear (input): in_dim(1024) out_dim(1024) batch_size(512)
init linear (input): in_dim(1024) out_dim(1024) batch_size(512)
init linear (input): in_dim(1024) out_dim(1024) batch_size(512)
init linear (input): in_dim(1024) out_dim(1024) batch_size(512)
init linear (input): in_dim(1024) out_dim(1024) batch_size(512)
init linear (input): in_dim(1024) out_dim(1024) batch_size(512)
init linear (input): in_dim(1024) out_dim(1024) batch_size(512)
init linear (input): in_dim(1024) out_dim(1024) batch_size(512)
init linear (input): in_dim(1024) out_dim(1024) batch_size(512)
init linear (input): in_dim(1024) out_dim(1024) batch_size(512)
init linear (input): in_dim(1024) out_dim(1024) batch_size(512)
init linear (input): in_dim(1024) out_dim(1024) batch_size(512)
init linear (input): in_dim(1024) out_dim(1024) batch_size(512)
init linear (input): in_dim(1024) out_dim(1024) batch_size(512)
init linear (input): in_dim(1024) out_dim(1024) batch_size(512)
init linear (input): in_dim(1024) out_dim(1024) batch_size(512)
init linear (input): in_dim(1024) out_dim(1024) batch_size(512)
init linear (input): in_dim(1024) out_dim(1024) batch_size(512)
init linear (input): in_dim(1024) out_dim(1024) batch_size(512)
init linear (input): in_dim(1024) out_dim(1024) batch_size(512)
init linear (input): in_dim(1024) out_dim(1024) batch_size(512)
init linear (input): in_dim(1024) out_dim(1024) batch_size(512)
init linear (input): in_dim(1024) out_dim(1024) batch_size(512)
init linear (input): in_dim(1024) out_dim(1024) batch_size(512)
init linear (input): in_dim(1024) out_dim(1024) batch_size(512)
init linear (input): in_dim(1024) out_dim(1024) batch_size(512)
init linear (input): in_dim(1024) out_dim(1024) batch_size(512)
init linear (input): in_dim(1024) out_dim(1024) batch_size(512)
init linear (input): in_dim(1024) out_dim(1024) batch_size(512)
init linear (input): in_dim(1024) out_dim(1024) batch_size(512)
init linear (input): in_dim(1024) out_dim(1024) batch_size(512)
init linear (input): in_dim(1024) out_dim(1024) batch_size(512)
init linear (input): in_dim(1024) out_dim(1024) batch_size(512)
init linear (input): in_dim(1024) out_dim(1024) batch_size(512)
init linear (input): in_dim(1024) out_dim(1024) batch_size(512)
init linear (input): in_dim(1024) out_dim(1024) batch_size(512)
init linear (input): in_dim(1024) out_dim(1024) batch_size(512)
init linear (input): in_dim(1024) out_dim(1024) batch_size(512)
init linear (input): in_dim(1024) out_dim(1024) batch_size(512)
init linear (input): in_dim(1024) out_dim(1024) batch_size(512)
init linear (input): in_dim(1024) out_dim(1024) batch_size(512)
init linear (input): in_dim(1024) out_dim(1024) batch_size(512)
init linear (input): in_dim(1024) out_dim(1024) batch_size(512)
init linear (input): in_dim(1024) out_dim(1024) batch_size(512)
init linear (input): in_dim(1024) out_dim(1024) batch_size(512)
init linear (input): in_dim(1024) out_dim(1024) batch_size(512)
init linear (input): in_dim(1024) out_dim(1024) batch_size(512)
init linear (input): in_dim(1024) out_dim(1024) batch_size(512)
init linear (input): in_dim(1024) out_dim(1024) batch_size(512)
init linear (input): in_dim(1024) out_dim(1024) batch_size(512)
init linear (input): in_dim(1024) out_dim(1024) batch_size(512)
init linear (input): in_dim(1024) out_dim(1024) batch_size(512)
init linear (input): in_dim(1024) out_dim(1024) batch_size(512)
init linear (input): in_dim(1024) out_dim(1024) batch_size(512)
init linear (input): in_dim(1024) out_dim(1024) batch_size(512)
init linear (input): in_dim(1024) out_dim(1024) batch_size(512)
init linear (input): in_dim(1024) out_dim(1024) batch_size(512)
init linear (input): in_dim(1024) out_dim(1024) batch_size(512)
init linear (input): in_dim(1024) out_dim(1024) batch_size(512)
init linear (input): in_dim(1024) out_dim(1024) batch_size(512)
init linear (input): in_dim(1024) out_dim(1024) batch_size(512)
init linear (input): in_dim(1024) out_dim(1024) batch_size(512)
init linear (input): in_dim(1024) out_dim(1024) batch_size(512)
init linear (input): in_dim(1024) out_dim(1024) batch_size(512)
init linear (input): in_dim(1024) out_dim(1024) batch_size(512)
init linear (input): in_dim(1024) out_dim(1024) batch_size(512)
init linear (input): in_dim(1024) out_dim(1024) batch_size(512)
init linear (input): in_dim(1024) out_dim(1024) batch_size(512)
init linear (input): in_dim(1024) out_dim(1024) batch_size(512)
init linear (input): in_dim(1024) out_dim(1024) batch_size(512)
init linear (input): in_dim(1024) out_dim(1024) batch_size(512)
init linear (input): in_dim(1024) out_dim(1024) batch_size(512)
init linear (input): in_dim(1024) out_dim(1024) batch_size(512)
init linear (input): in_dim(1024) out_dim(1024) batch_size(512)
init linear (input): in_dim(1024) out_dim(1024) batch_size(512)
init linear (input): in_dim(1024) out_dim(1024) batch_size(512)
init linear (input): in_dim(1024) out_dim(1024) batch_size(512)
init linear (input): in_dim(1024) out_dim(1024) batch_size(512)
init linear (input): in_dim(1024) out_dim(1024) batch_size(512)
init linear (input): in_dim(1024) out_dim(1024) batch_size(512)
init linear (input): in_dim(1024) out_dim(1024) batch_size(512)
init linear (input): in_dim(1024) out_dim(1024) batch_size(512)
init linear (input): in_dim(1024) out_dim(1024) batch_size(512)
init linear (input): in_dim(1024) out_dim(1024) batch_size(512)
init linear (input): in_dim(1024) out_dim(64) batch_size(512)
init linear (input): in_dim(1024) out_dim(64) batch_size(512)
init linear (input): in_dim(1024) out_dim(64) batch_size(512)
init linear (input): in_dim(1024) out_dim(64) batch_size(512)
init linear (input): in_dim(1024) out_dim(64) batch_size(512)
init linear (input): in_dim(1024) out_dim(64) batch_size(512)
init linear (input): in_dim(1024) out_dim(64) batch_size(512)
init linear (input): in_dim(1024) out_dim(64) batch_size(512)
init linear (input): in_dim(1024) out_dim(64) batch_size(512)
init linear (input): in_dim(1024) out_dim(64) batch_size(512)
init linear (input): in_dim(1024) out_dim(64) batch_size(512)
init linear (input): in_dim(1024) out_dim(64) batch_size(512)
init linear (input): in_dim(1024) out_dim(64) batch_size(512)
init linear (input): in_dim(1024) out_dim(64) batch_size(512)
init linear (input): in_dim(1024) out_dim(64) batch_size(512)
init linear (input): in_dim(1024) out_dim(64) batch_size(512)
init linear (input): in_dim(1024) out_dim(64) batch_size(512)
init linear (input): in_dim(1024) out_dim(64) batch_size(512)
init linear (input): in_dim(1024) out_dim(64) batch_size(512)
init linear (input): in_dim(1024) out_dim(64) batch_size(512)
init linear (input): in_dim(1024) out_dim(64) batch_size(512)
init linear (input): in_dim(1024) out_dim(64) batch_size(512)
init linear (input): in_dim(1024) out_dim(64) batch_size(512)
init linear (input): in_dim(1024) out_dim(64) batch_size(512)
init linear (input): in_dim(1024) out_dim(64) batch_size(512)
init linear (input): in_dim(1024) out_dim(64) batch_size(512)
init linear (input): in_dim(1024) out_dim(64) batch_size(512)
init linear (input): in_dim(1024) out_dim(64) batch_size(512)
init linear (input): in_dim(1024) out_dim(64) batch_size(512)
init linear (input): in_dim(1024) out_dim(64) batch_size(512)
init linear (input): in_dim(1024) out_dim(64) batch_size(512)
init linear (input): in_dim(1024) out_dim(64) batch_size(512)
init linear (input): in_dim(1024) out_dim(64) batch_size(512)
init linear (input): in_dim(1024) out_dim(64) batch_size(512)
init linear (input): in_dim(1024) out_dim(64) batch_size(512)
init linear (input): in_dim(1024) out_dim(64) batch_size(512)
init linear (input): in_dim(1024) out_dim(64) batch_size(512)
init linear (input): in_dim(1024) out_dim(64) batch_size(512)
init linear (input): in_dim(1024) out_dim(64) batch_size(512)
init linear (input): in_dim(1024) out_dim(64) batch_size(512)
init linear (input): in_dim(1024) out_dim(64) batch_size(512)
init linear (input): in_dim(1024) out_dim(64) batch_size(512)
init linear (input): in_dim(1024) out_dim(64) batch_size(512)
init linear (input): in_dim(1024) out_dim(64) batch_size(512)
init linear (input): in_dim(1024) out_dim(64) batch_size(512)
init linear (input): in_dim(1024) out_dim(64) batch_size(512)
init linear (input): in_dim(1024) out_dim(64) batch_size(512)
init linear (input): in_dim(1024) out_dim(64) batch_size(512)
init linear (input): in_dim(1024) out_dim(64) batch_size(512)
init linear (input): in_dim(1024) out_dim(64) batch_size(512)
init linear (input): in_dim(1024) out_dim(64) batch_size(512)
init linear (input): in_dim(1024) out_dim(64) batch_size(512)
init linear (input): in_dim(1024) out_dim(64) batch_size(512)
init linear (input): in_dim(1024) out_dim(64) batch_size(512)
init linear (input): in_dim(1024) out_dim(64) batch_size(512)
init linear (input): in_dim(1024) out_dim(64) batch_size(512)
init linear (input): in_dim(1024) out_dim(64) batch_size(512)
init linear (input): in_dim(1024) out_dim(64) batch_size(512)
init linear (input): in_dim(1024) out_dim(64) batch_size(512)
init linear (input): in_dim(1024) out_dim(64) batch_size(512)
init linear (input): in_dim(1024) out_dim(64) batch_size(512)
init linear (input): in_dim(1024) out_dim(64) batch_size(512)
init linear (input): in_dim(1024) out_dim(64) batch_size(512)
init linear (input): in_dim(1024) out_dim(64) batch_size(512)
init linear (input): in_dim(4160) out_dim(1024) batch_size(512)
init linear (input): in_dim(4160) out_dim(1024) batch_size(512)
init linear (input): in_dim(4160) out_dim(1024) batch_size(512)
init linear (input): in_dim(4160) out_dim(1024) batch_size(512)
init linear (input): in_dim(4160) out_dim(1024) batch_size(512)
init linear (input): in_dim(4160) out_dim(1024) batch_size(512)
init linear (input): in_dim(4160) out_dim(1024) batch_size(512)
init linear (input): in_dim(4160) out_dim(1024) batch_size(512)
init linear (input): in_dim(4160) out_dim(1024) batch_size(512)
init linear (input): in_dim(4160) out_dim(1024) batch_size(512)
init linear (input): in_dim(4160) out_dim(1024) batch_size(512)
init linear (input): in_dim(4160) out_dim(1024) batch_size(512)
init linear (input): in_dim(4160) out_dim(1024) batch_size(512)
init linear (input): in_dim(4160) out_dim(1024) batch_size(512)
init linear (input): in_dim(4160) out_dim(1024) batch_size(512)
init linear (input): in_dim(4160) out_dim(1024) batch_size(512)
init linear (input): in_dim(4160) out_dim(1024) batch_size(512)
init linear (input): in_dim(4160) out_dim(1024) batch_size(512)
init linear (input): in_dim(4160) out_dim(1024) batch_size(512)
init linear (input): in_dim(4160) out_dim(1024) batch_size(512)
init linear (input): in_dim(4160) out_dim(1024) batch_size(512)
init linear (input): in_dim(4160) out_dim(1024) batch_size(512)
init linear (input): in_dim(4160) out_dim(1024) batch_size(512)
init linear (input): in_dim(4160) out_dim(1024) batch_size(512)
init linear (input): in_dim(4160) out_dim(1024) batch_size(512)
init linear (input): in_dim(4160) out_dim(1024) batch_size(512)
init linear (input): in_dim(4160) out_dim(1024) batch_size(512)
init linear (input): in_dim(4160) out_dim(1024) batch_size(512)
init linear (input): in_dim(4160) out_dim(1024) batch_size(512)
init linear (input): in_dim(4160) out_dim(1024) batch_size(512)
init linear (input): in_dim(4160) out_dim(1024) batch_size(512)
init linear (input): in_dim(4160) out_dim(1024) batch_size(512)
init linear (input): in_dim(4160) out_dim(1024) batch_size(512)
init linear (input): in_dim(4160) out_dim(1024) batch_size(512)
init linear (input): in_dim(4160) out_dim(1024) batch_size(512)
init linear (input): in_dim(4160) out_dim(1024) batch_size(512)
init linear (input): in_dim(4160) out_dim(1024) batch_size(512)
init linear (input): in_dim(4160) out_dim(1024) batch_size(512)
init linear (input): in_dim(4160) out_dim(1024) batch_size(512)
init linear (input): in_dim(4160) out_dim(1024) batch_size(512)
init linear (input): in_dim(4160) out_dim(1024) batch_size(512)
init linear (input): in_dim(4160) out_dim(1024) batch_size(512)
init linear (input): in_dim(4160) out_dim(1024) batch_size(512)
init linear (input): in_dim(4160) out_dim(1024) batch_size(512)
init linear (input): in_dim(4160) out_dim(1024) batch_size(512)
init linear (input): in_dim(4160) out_dim(1024) batch_size(512)
init linear (input): in_dim(4160) out_dim(1024) batch_size(512)
init linear (input): in_dim(4160) out_dim(1024) batch_size(512)
init linear (input): in_dim(4160) out_dim(1024) batch_size(512)
init linear (input): in_dim(4160) out_dim(1024) batch_size(512)
init linear (input): in_dim(4160) out_dim(1024) batch_size(512)
init linear (input): in_dim(4160) out_dim(1024) batch_size(512)
init linear (input): in_dim(4160) out_dim(1024) batch_size(512)
init linear (input): in_dim(4160) out_dim(1024) batch_size(512)
init linear (input): in_dim(4160) out_dim(1024) batch_size(512)
init linear (input): in_dim(4160) out_dim(1024) batch_size(512)
init linear (input): in_dim(4160) out_dim(1024) batch_size(512)
init linear (input): in_dim(4160) out_dim(1024) batch_size(512)
init linear (input): in_dim(4160) out_dim(1024) batch_size(512)
init linear (input): in_dim(4160) out_dim(1024) batch_size(512)
init linear (input): in_dim(4160) out_dim(1024) batch_size(512)
init linear (input): in_dim(4160) out_dim(1024) batch_size(512)
init linear (input): in_dim(4160) out_dim(1024) batch_size(512)
init linear (input): in_dim(4160) out_dim(1024) batch_size(512)
init linear (input): in_dim(1024) out_dim(1024) batch_size(512)
init linear (input): in_dim(1024) out_dim(1024) batch_size(512)
init linear (input): in_dim(1024) out_dim(1024) batch_size(512)
init linear (input): in_dim(1024) out_dim(1024) batch_size(512)
init linear (input): in_dim(1024) out_dim(1024) batch_size(512)
init linear (input): in_dim(1024) out_dim(1024) batch_size(512)
init linear (input): in_dim(1024) out_dim(1024) batch_size(512)
init linear (input): in_dim(1024) out_dim(1024) batch_size(512)
init linear (input): in_dim(1024) out_dim(1024) batch_size(512)
init linear (input): in_dim(1024) out_dim(1024) batch_size(512)
init linear (input): in_dim(1024) out_dim(1024) batch_size(512)
init linear (input): in_dim(1024) out_dim(1024) batch_size(512)
init linear (input): in_dim(1024) out_dim(1024) batch_size(512)
init linear (input): in_dim(1024) out_dim(1024) batch_size(512)
init linear (input): in_dim(1024) out_dim(1024) batch_size(512)
init linear (input): in_dim(1024) out_dim(1024) batch_size(512)
init linear (input): in_dim(1024) out_dim(1024) batch_size(512)
init linear (input): in_dim(1024) out_dim(1024) batch_size(512)
init linear (input): in_dim(1024) out_dim(1024) batch_size(512)
init linear (input): in_dim(1024) out_dim(1024) batch_size(512)
init linear (input): in_dim(1024) out_dim(1024) batch_size(512)
init linear (input): in_dim(1024) out_dim(1024) batch_size(512)
init linear (input): in_dim(1024) out_dim(1024) batch_size(512)
init linear (input): in_dim(1024) out_dim(1024) batch_size(512)
init linear (input): in_dim(1024) out_dim(1024) batch_size(512)
init linear (input): in_dim(1024) out_dim(1024) batch_size(512)
init linear (input): in_dim(1024) out_dim(1024) batch_size(512)
init linear (input): in_dim(1024) out_dim(1024) batch_size(512)
init linear (input): in_dim(1024) out_dim(1024) batch_size(512)
init linear (input): in_dim(1024) out_dim(1024) batch_size(512)
init linear (input): in_dim(1024) out_dim(1024) batch_size(512)
init linear (input): in_dim(1024) out_dim(1024) batch_size(512)
init linear (input): in_dim(1024) out_dim(1024) batch_size(512)
init linear (input): in_dim(1024) out_dim(1024) batch_size(512)
init linear (input): in_dim(1024) out_dim(1024) batch_size(512)
init linear (input): in_dim(1024) out_dim(1024) batch_size(512)
init linear (input): in_dim(1024) out_dim(1024) batch_size(512)
init linear (input): in_dim(1024) out_dim(1024) batch_size(512)
init linear (input): in_dim(1024) out_dim(1024) batch_size(512)
init linear (input): in_dim(1024) out_dim(1024) batch_size(512)
init linear (input): in_dim(1024) out_dim(1024) batch_size(512)
init linear (input): in_dim(1024) out_dim(1024) batch_size(512)
init linear (input): in_dim(1024) out_dim(1024) batch_size(512)
init linear (input): in_dim(1024) out_dim(1024) batch_size(512)
init linear (input): in_dim(1024) out_dim(1024) batch_size(512)
init linear (input): in_dim(1024) out_dim(1024) batch_size(512)
init linear (input): in_dim(1024) out_dim(1024) batch_size(512)
init linear (input): in_dim(1024) out_dim(1024) batch_size(512)
init linear (input): in_dim(1024) out_dim(1024) batch_size(512)
init linear (input): in_dim(1024) out_dim(1024) batch_size(512)
init linear (input): in_dim(1024) out_dim(1024) batch_size(512)
init linear (input): in_dim(1024) out_dim(1024) batch_size(512)
init linear (input): in_dim(1024) out_dim(1024) batch_size(512)
init linear (input): in_dim(1024) out_dim(1024) batch_size(512)
init linear (input): in_dim(1024) out_dim(1024) batch_size(512)
init linear (input): in_dim(1024) out_dim(1024) batch_size(512)
init linear (input): in_dim(1024) out_dim(1024) batch_size(512)
init linear (input): in_dim(1024) out_dim(1024) batch_size(512)
init linear (input): in_dim(1024) out_dim(1024) batch_size(512)
init linear (input): in_dim(1024) out_dim(1024) batch_size(512)
init linear (input): in_dim(1024) out_dim(1024) batch_size(512)
init linear (input): in_dim(1024) out_dim(1024) batch_size(512)
init linear (input): in_dim(1024) out_dim(1024) batch_size(512)
init linear (input): in_dim(1024) out_dim(1024) batch_size(512)
init linear (input): in_dim(1024) out_dim(1024) batch_size(512)
init linear (input): in_dim(1024) out_dim(1024) batch_size(512)
init linear (input): in_dim(1024) out_dim(1024) batch_size(512)
init linear (input): in_dim(1024) out_dim(1024) batch_size(512)
init linear (input): in_dim(1024) out_dim(1024) batch_size(512)
init linear (input): in_dim(1024) out_dim(1024) batch_size(512)
init linear (input): in_dim(1024) out_dim(1024) batch_size(512)
init linear (input): in_dim(1024) out_dim(1024) batch_size(512)
init linear (input): in_dim(1024) out_dim(1024) batch_size(512)
init linear (input): in_dim(1024) out_dim(1024) batch_size(512)
init linear (input): in_dim(1024) out_dim(1024) batch_size(512)
init linear (input): in_dim(1024) out_dim(1024) batch_size(512)
init linear (input): in_dim(1024) out_dim(1024) batch_size(512)
init linear (input): in_dim(1024) out_dim(1024) batch_size(512)
init linear (input): in_dim(1024) out_dim(1024) batch_size(512)
init linear (input): in_dim(1024) out_dim(1024) batch_size(512)
init linear (input): in_dim(1024) out_dim(1024) batch_size(512)
init linear (input): in_dim(1024) out_dim(1024) batch_size(512)
init linear (input): in_dim(1024) out_dim(1024) batch_size(512)
init linear (input): in_dim(1024) out_dim(1024) batch_size(512)
init linear (input): in_dim(1024) out_dim(1024) batch_size(512)
init linear (input): in_dim(1024) out_dim(1024) batch_size(512)
init linear (input): in_dim(1024) out_dim(1024) batch_size(512)
init linear (input): in_dim(1024) out_dim(1024) batch_size(512)
init linear (input): in_dim(1024) out_dim(1024) batch_size(512)
init linear (input): in_dim(1024) out_dim(1024) batch_size(512)
init linear (input): in_dim(1024) out_dim(1024) batch_size(512)
init linear (input): in_dim(1024) out_dim(1024) batch_size(512)
init linear (input): in_dim(1024) out_dim(1024) batch_size(512)
init linear (input): in_dim(1024) out_dim(1024) batch_size(512)
init linear (input): in_dim(1024) out_dim(1024) batch_size(512)
init linear (input): in_dim(1024) out_dim(1024) batch_size(512)
init linear (input): in_dim(1024) out_dim(1024) batch_size(512)
init linear (input): in_dim(1024) out_dim(1024) batch_size(512)
init linear (input): in_dim(1024) out_dim(1024) batch_size(512)
init linear (input): in_dim(1024) out_dim(1024) batch_size(512)
init linear (input): in_dim(1024) out_dim(1024) batch_size(512)
init linear (input): in_dim(1024) out_dim(1024) batch_size(512)
init linear (input): in_dim(1024) out_dim(1024) batch_size(512)
init linear (input): in_dim(1024) out_dim(1024) batch_size(512)
init linear (input): in_dim(1024) out_dim(1024) batch_size(512)
init linear (input): in_dim(1024) out_dim(1024) batch_size(512)
init linear (input): in_dim(1024) out_dim(1024) batch_size(512)
init linear (input): in_dim(1024) out_dim(1024) batch_size(512)
init linear (input): in_dim(1024) out_dim(1024) batch_size(512)
init linear (input): in_dim(1024) out_dim(1024) batch_size(512)
init linear (input): in_dim(1024) out_dim(1024) batch_size(512)
init linear (input): in_dim(1024) out_dim(1024) batch_size(512)
init linear (input): in_dim(1024) out_dim(1024) batch_size(512)
init linear (input): in_dim(1024) out_dim(1024) batch_size(512)
init linear (input): in_dim(1024) out_dim(1024) batch_size(512)
init linear (input): in_dim(1024) out_dim(1024) batch_size(512)
init linear (input): in_dim(1024) out_dim(1024) batch_size(512)
init linear (input): in_dim(1024) out_dim(1024) batch_size(512)
init linear (input): in_dim(1024) out_dim(1024) batch_size(512)
init linear (input): in_dim(1024) out_dim(1024) batch_size(512)
init linear (input): in_dim(1024) out_dim(1024) batch_size(512)
init linear (input): in_dim(1024) out_dim(1024) batch_size(512)
init linear (input): in_dim(1024) out_dim(1024) batch_size(512)
init linear (input): in_dim(1024) out_dim(1024) batch_size(512)
init linear (input): in_dim(1024) out_dim(1024) batch_size(512)
init linear (input): in_dim(1024) out_dim(1024) batch_size(512)
init linear (input): in_dim(1024) out_dim(1024) batch_size(512)
init linear (input): in_dim(1024) out_dim(1024) batch_size(512)
init linear (input): in_dim(1024) out_dim(1024) batch_size(512)
init linear (input): in_dim(1024) out_dim(1024) batch_size(512)
init linear (input): in_dim(1024) out_dim(1024) batch_size(512)
init linear (input): in_dim(1024) out_dim(1024) batch_size(512)
init linear (input): in_dim(1024) out_dim(1024) batch_size(512)
init linear (input): in_dim(1024) out_dim(1024) batch_size(512)
init linear (input): in_dim(1024) out_dim(1024) batch_size(512)
init linear (input): in_dim(1024) out_dim(1024) batch_size(512)
init linear (input): in_dim(1024) out_dim(1024) batch_size(512)
init linear (input): in_dim(1024) out_dim(1024) batch_size(512)
init linear (input): in_dim(1024) out_dim(1024) batch_size(512)
init linear (input): in_dim(1024) out_dim(1024) batch_size(512)
init linear (input): in_dim(1024) out_dim(1024) batch_size(512)
init linear (input): in_dim(1024) out_dim(1024) batch_size(512)
init linear (input): in_dim(1024) out_dim(1024) batch_size(512)
init linear (input): in_dim(1024) out_dim(1024) batch_size(512)
init linear (input): in_dim(1024) out_dim(1024) batch_size(512)
init linear (input): in_dim(1024) out_dim(1024) batch_size(512)
init linear (input): in_dim(1024) out_dim(1024) batch_size(512)
init linear (input): in_dim(1024) out_dim(1024) batch_size(512)
init linear (input): in_dim(1024) out_dim(1024) batch_size(512)
init linear (input): in_dim(1024) out_dim(1024) batch_size(512)
init linear (input): in_dim(1024) out_dim(1024) batch_size(512)
init linear (input): in_dim(1024) out_dim(1024) batch_size(512)
init linear (input): in_dim(1024) out_dim(1024) batch_size(512)
init linear (input): in_dim(1024) out_dim(1024) batch_size(512)
init linear (input): in_dim(1024) out_dim(1024) batch_size(512)
init linear (input): in_dim(1024) out_dim(1024) batch_size(512)
init linear (input): in_dim(1024) out_dim(1024) batch_size(512)
init linear (input): in_dim(1024) out_dim(1024) batch_size(512)
init linear (input): in_dim(1024) out_dim(1024) batch_size(512)
init linear (input): in_dim(1024) out_dim(1024) batch_size(512)
init linear (input): in_dim(1024) out_dim(1024) batch_size(512)
init linear (input): in_dim(1024) out_dim(1024) batch_size(512)
init linear (input): in_dim(1024) out_dim(1024) batch_size(512)
init linear (input): in_dim(1024) out_dim(1024) batch_size(512)
init linear (input): in_dim(1024) out_dim(1024) batch_size(512)
init linear (input): in_dim(1024) out_dim(1024) batch_size(512)
init linear (input): in_dim(1024) out_dim(1024) batch_size(512)
init linear (input): in_dim(1024) out_dim(1024) batch_size(512)
init linear (input): in_dim(1024) out_dim(1024) batch_size(512)
init linear (input): in_dim(1024) out_dim(1024) batch_size(512)
init linear (input): in_dim(1024) out_dim(1024) batch_size(512)
init linear (input): in_dim(1024) out_dim(1024) batch_size(512)
init linear (input): in_dim(1024) out_dim(1024) batch_size(512)
init linear (input): in_dim(1024) out_dim(1024) batch_size(512)
init linear (input): in_dim(1024) out_dim(1024) batch_size(512)
init linear (input): in_dim(1024) out_dim(1024) batch_size(512)
init linear (input): in_dim(1024) out_dim(1024) batch_size(512)
init linear (input): in_dim(1024) out_dim(1024) batch_size(512)
init linear (input): in_dim(1024) out_dim(1024) batch_size(512)
init linear (input): in_dim(1024) out_dim(1024) batch_size(512)
init linear (input): in_dim(1024) out_dim(1024) batch_size(512)
init linear (input): in_dim(1024) out_dim(1024) batch_size(512)
init linear (input): in_dim(1024) out_dim(1024) batch_size(512)
init linear (input): in_dim(1024) out_dim(1024) batch_size(512)
init linear (input): in_dim(1024) out_dim(1024) batch_size(512)
init linear (input): in_dim(1024) out_dim(1024) batch_size(512)
init linear (input): in_dim(1024) out_dim(1024) batch_size(512)
init linear (input): in_dim(1024) out_dim(1024) batch_size(512)
init linear (input): in_dim(1024) out_dim(1024) batch_size(512)
init linear (input): in_dim(1024) out_dim(1024) batch_size(512)
init linear (input): in_dim(1024) out_dim(1024) batch_size(512)
init linear (input): in_dim(1024) out_dim(1024) batch_size(512)
init linear (input): in_dim(1024) out_dim(1) batch_size(512)
init linear (input): in_dim(1024) out_dim(1) batch_size(512)
init linear (input): in_dim(1024) out_dim(1) batch_size(512)
init linear (input): in_dim(1024) out_dim(1) batch_size(512)
init linear (input): in_dim(1024) out_dim(1) batch_size(512)
init linear (input): in_dim(1024) out_dim(1) batch_size(512)
init linear (input): in_dim(1024) out_dim(1) batch_size(512)
init linear (input): in_dim(1024) out_dim(1) batch_size(512)
init linear (input): in_dim(1024) out_dim(1) batch_size(512)
init linear (input): in_dim(1024) out_dim(1) batch_size(512)
init linear (input): in_dim(1024) out_dim(1) batch_size(512)
init linear (input): in_dim(1024) out_dim(1) batch_size(512)
init linear (input): in_dim(1024) out_dim(1) batch_size(512)
init linear (input): in_dim(1024) out_dim(1) batch_size(512)
init linear (input): in_dim(1024) out_dim(1) batch_size(512)
init linear (input): in_dim(1024) out_dim(1) batch_size(512)
init linear (input): in_dim(1024) out_dim(1) batch_size(512)
init linear (input): in_dim(1024) out_dim(1) batch_size(512)
init linear (input): in_dim(1024) out_dim(1) batch_size(512)
init linear (input): in_dim(1024) out_dim(1) batch_size(512)
init linear (input): in_dim(1024) out_dim(1) batch_size(512)
init linear (input): in_dim(1024) out_dim(1) batch_size(512)
init linear (input): in_dim(1024) out_dim(1) batch_size(512)
init linear (input): in_dim(1024) out_dim(1) batch_size(512)
init linear (input): in_dim(1024) out_dim(1) batch_size(512)
init linear (input): in_dim(1024) out_dim(1) batch_size(512)
init linear (input): in_dim(1024) out_dim(1) batch_size(512)
init linear (input): in_dim(1024) out_dim(1) batch_size(512)
init linear (input): in_dim(1024) out_dim(1) batch_size(512)
init linear (input): in_dim(1024) out_dim(1) batch_size(512)
init linear (input): in_dim(1024) out_dim(1) batch_size(512)
init linear (input): in_dim(1024) out_dim(1) batch_size(512)
init linear (input): in_dim(1024) out_dim(1) batch_size(512)
init linear (input): in_dim(1024) out_dim(1) batch_size(512)
init linear (input): in_dim(1024) out_dim(1) batch_size(512)
init linear (input): in_dim(1024) out_dim(1) batch_size(512)
init linear (input): in_dim(1024) out_dim(1) batch_size(512)
init linear (input): in_dim(1024) out_dim(1) batch_size(512)
init linear (input): in_dim(1024) out_dim(1) batch_size(512)
init linear (input): in_dim(1024) out_dim(1) batch_size(512)
init linear (input): in_dim(1024) out_dim(1) batch_size(512)
init linear (input): in_dim(1024) out_dim(1) batch_size(512)
init linear (input): in_dim(1024) out_dim(1) batch_size(512)
init linear (input): in_dim(1024) out_dim(1) batch_size(512)
init linear (input): in_dim(1024) out_dim(1) batch_size(512)
init linear (input): in_dim(1024) out_dim(1) batch_size(512)
init linear (input): in_dim(1024) out_dim(1) batch_size(512)
init linear (input): in_dim(1024) out_dim(1) batch_size(512)
init linear (input): in_dim(1024) out_dim(1) batch_size(512)
init linear (input): in_dim(1024) out_dim(1) batch_size(512)
init linear (input): in_dim(1024) out_dim(1) batch_size(512)
init linear (input): in_dim(1024) out_dim(1) batch_size(512)
init linear (input): in_dim(1024) out_dim(1) batch_size(512)
init linear (input): in_dim(1024) out_dim(1) batch_size(512)
init linear (input): in_dim(1024) out_dim(1) batch_size(512)
init linear (input): in_dim(1024) out_dim(1) batch_size(512)
init linear (input): in_dim(1024) out_dim(1) batch_size(512)
init linear (input): in_dim(1024) out_dim(1) batch_size(512)
init linear (input): in_dim(1024) out_dim(1) batch_size(512)
init linear (input): in_dim(1024) out_dim(1) batch_size(512)
init linear (input): in_dim(1024) out_dim(1) batch_size(512)
init linear (input): in_dim(1024) out_dim(1) batch_size(512)
init linear (input): in_dim(1024) out_dim(1) batch_size(512)
init linear (input): in_dim(1024) out_dim(1) batch_size(512)
[5 - 7f0a10631700] {3}{DLRM}: Use random dataset...
[5 - 7f0a10631700] {3}{DLRM}: Number of random samples = 65536

[6 - 7f5a044f3700] {3}{DLRM}: Use random dataset...
[6 - 7f5a044f3700] {3}{DLRM}: Number of random samples = 65536

[7 - 7f3db0049700] {3}{DLRM}: Use random dataset...
[7 - 7f3db0049700] {3}{DLRM}: Number of random samples = 65536

[2 - 7fdbac4f3700] {3}{DLRM}: Use random dataset...
[2 - 7fdbac4f3700] {3}{DLRM}: Number of random samples = 65536

[0 - 7fca24082700] {3}{DLRM}: Use random dataset...
[0 - 7fca24082700] {3}{DLRM}: Number of random samples = 65536

[3 - 7f6d14117700] {3}{DLRM}: Use random dataset...
[3 - 7f6d14117700] {3}{DLRM}: Number of random samples = 65536

[4 - 7f40f077a700] {3}{DLRM}: Use random dataset...
[4 - 7f40f077a700] {3}{DLRM}: Number of random samples = 65536

[1 - 7f5bfc4f3700] {3}{DLRM}: Use random dataset...
[1 - 7f5bfc4f3700] {3}{DLRM}: Number of random samples = 65536

[1 - 7f5bfc4f3700] {3}{DLRM}: Start generating random input samples
acc_train_loss: 0.2562 train_accuracy: 50.45%(16531/32768)
[5 - 7f0a10631700] {3}{DLRM}: Warmup finished...Start timer...
[5 - 7f0a10631700] {3}{DLRM}: Num. epochs = 5
[5 - 7f0a10631700] {3}{DLRM}: Num. iterations/epoch = 2
[7 - 7f3db0049700] {3}{DLRM}: Warmup finished...Start timer...
[7 - 7f3db0049700] {3}{DLRM}: Num. epochs = 5
[7 - 7f3db0049700] {3}{DLRM}: Num. iterations/epoch = 2
[4 - 7f40f077a700] {3}{DLRM}: Warmup finished...Start timer...
[4 - 7f40f077a700] {3}{DLRM}: Num. epochs = 5
[4 - 7f40f077a700] {3}{DLRM}: Num. iterations/epoch = 2
[1 - 7f5bfc4f3700] {3}{DLRM}: Warmup finished...Start timer...
[1 - 7f5bfc4f3700] {3}{DLRM}: Num. epochs = 5
[1 - 7f5bfc4f3700] {3}{DLRM}: Num. iterations/epoch = 2
[0 - 7fca24082700] {3}{DLRM}: Warmup finished...Start timer...
[0 - 7fca24082700] {3}{DLRM}: Num. epochs = 5
[0 - 7fca24082700] {3}{DLRM}: Num. iterations/epoch = 2
[2 - 7fdbac4f3700] {3}{DLRM}: Warmup finished...Start timer...
[2 - 7fdbac4f3700] {3}{DLRM}: Num. epochs = 5
[2 - 7fdbac4f3700] {3}{DLRM}: Num. iterations/epoch = 2
[3 - 7f6d14117700] {3}{DLRM}: Warmup finished...Start timer...
[3 - 7f6d14117700] {3}{DLRM}: Num. epochs = 5
[3 - 7f6d14117700] {3}{DLRM}: Num. iterations/epoch = 2
[6 - 7f5a044f3700] {3}{DLRM}: Warmup finished...Start timer...
[6 - 7f5a044f3700] {3}{DLRM}: Num. epochs = 5
[6 - 7f5a044f3700] {3}{DLRM}: Num. iterations/epoch = 2
acc_train_loss: 0.5045 train_accuracy: 49.55%(16237/32768)
acc_train_loss: 0.5045 train_accuracy: 49.55%(32474/65536)
acc_train_loss: 0.5045 train_accuracy: 49.55%(16237/32768)
acc_train_loss: nan train_accuracy: 49.55%(32474/65536)
acc_train_loss: nan train_accuracy: 49.55%(16237/32768)
acc_train_loss: nan train_accuracy: 49.55%(32474/65536)
acc_train_loss: nan train_accuracy: 49.55%(16237/32768)
acc_train_loss: nan train_accuracy: 49.55%(32474/65536)
acc_train_loss: nan train_accuracy: 49.55%(16237/32768)
acc_train_loss: nan train_accuracy: 49.55%(32474/65536)
ELAPSED TIME = 5.8517s, THROUGHPUT = 55997.12 samples/s
ELAPSED TIME = 5.8517s, THROUGHPUT = 55996.95 samples/s
ELAPSED TIME = 5.8517s, THROUGHPUT = 55996.94 samples/s
ELAPSED TIME = 5.8517s, THROUGHPUT = 55997.13 samples/s
ELAPSED TIME = 5.8518s, THROUGHPUT = 55996.89 samples/s
ELAPSED TIME = 5.8517s, THROUGHPUT = 55997.07 samples/s
ELAPSED TIME = 5.8517s, THROUGHPUT = 55997.12 samples/s
ELAPSED TIME = 5.8517s, THROUGHPUT = 55997.11 samples/s
