/usr/share/modules/init/bash: line 58: export: _moduleraw: not a function
/usr/share/modules/init/bash: line 58: export: _moduleraw: not a function
/usr/share/modules/init/bash: line 58: export: _moduleraw: not a function
/usr/share/modules/init/bash: line 58: export: _moduleraw: not a function
1000000-1000000-1000000-1000000-1000000-1000000-1000000-1000000-1000000-1000000-1000000-1000000-1000000-1000000-1000000-1000000-1000000-1000000-1000000-1000000-1000000-1000000-1000000-1000000-1000000-1000000-1000000-1000000-1000000-1000000-1000000-1000000
../../src/runtime/dlrm_strategy_emb_8_gpu_8_node_4.pb
1000000-1000000-1000000-1000000-1000000-1000000-1000000-1000000-1000000-1000000-1000000-1000000-1000000-1000000-1000000-1000000-1000000-1000000-1000000-1000000-1000000-1000000-1000000-1000000-1000000-1000000-1000000-1000000-1000000-1000000-1000000-1000000
../../src/runtime/dlrm_strategy_emb_8_gpu_8_node_4.pb
1000000-1000000-1000000-1000000-1000000-1000000-1000000-1000000-1000000-1000000-1000000-1000000-1000000-1000000-1000000-1000000-1000000-1000000-1000000-1000000-1000000-1000000-1000000-1000000-1000000-1000000-1000000-1000000-1000000-1000000-1000000-1000000
../../src/runtime/dlrm_strategy_emb_8_gpu_8_node_4.pb
1000000-1000000-1000000-1000000-1000000-1000000-1000000-1000000-1000000-1000000-1000000-1000000-1000000-1000000-1000000-1000000-1000000-1000000-1000000-1000000-1000000-1000000-1000000-1000000-1000000-1000000-1000000-1000000-1000000-1000000-1000000-1000000
../../src/runtime/dlrm_strategy_emb_8_gpu_8_node_4.pb
[3 - 7f33d0739700] {3}{Mapper}: Load parallelization strategy from file ../../src/runtime/dlrm_strategy_emb_8_gpu_8_node_4.pb
[0 - 7f72b44b2700] {3}{Mapper}: Load parallelization strategy from file ../../src/runtime/dlrm_strategy_emb_8_gpu_8_node_4.pb
[2 - 7f5a307b7700] {3}{Mapper}: Load parallelization strategy from file ../../src/runtime/dlrm_strategy_emb_8_gpu_8_node_4.pb
[1 - 7f8450064700] {3}{Mapper}: Load parallelization strategy from file ../../src/runtime/dlrm_strategy_emb_8_gpu_8_node_4.pb
strategies.size() = 35
strategies.size() = 35
strategies.size() = 35
strategies.size() = 35
[3 - 7f33d0739700] {3}{DLRM}: batchSize(16384) workersPerNodes(8) numNodes(4)
[3 - 7f33d0739700] {3}{DLRM}: EmbeddingBagSize(1)
[3 - 7f33d0739700] {3}{DLRM}: Embedding Vocab Sizes: 1000000 1000000 1000000 1000000 1000000 1000000 1000000 1000000 1000000 1000000 1000000 1000000 1000000 1000000 1000000 1000000 1000000 1000000 1000000 1000000 1000000 1000000 1000000 1000000 1000000 1000000 1000000 1000000 1000000 1000000 1000000 1000000
[3 - 7f33d0739700] {3}{DLRM}: MLP Top: 8448 1024 1024 1024 1024 1
[0 - 7f72b44b2700] {3}{DLRM}: batchSize(16384) workersPerNodes(8) numNodes(4)
[0 - 7f72b44b2700] {3}{DLRM}: EmbeddingBagSize(1)
[0 - 7f72b44b2700] {3}{DLRM}: Embedding Vocab Sizes: 1000000 1000000 1000000 1000000 1000000 1000000 1000000 1000000 1000000 1000000 1000000 1000000 1000000 1000000 1000000 1000000 1000000 1000000 1000000 1000000 1000000 1000000 1000000 1000000 1000000 1000000 1000000 1000000 1000000 1000000 1000000 1000000
[0 - 7f72b44b2700] {3}{DLRM}: MLP Top: 8448 1024 1024 1024 1024 1
[0 - 7f72b44b2700] {3}{DLRM}: MLP Bot: 64 1024 1024 1024 256
[2 - 7f5a307b7700] {3}{DLRM}: batchSize(16384) workersPerNodes(8) numNodes(4)
[2 - 7f5a307b7700] {3}{DLRM}: EmbeddingBagSize(1)
[2 - 7f5a307b7700] {3}{DLRM}: Embedding Vocab Sizes: 1000000 1000000 1000000 1000000 1000000 1000000 1000000 1000000 1000000 1000000 1000000 1000000 1000000 1000000 1000000 1000000 1000000 1000000 1000000 1000000 1000000 1000000 1000000 1000000 1000000 1000000 1000000 1000000 1000000 1000000 1000000 1000000
[2 - 7f5a307b7700] {3}{DLRM}: MLP Top: 8448 1024 1024 1024 1024 1
[2 - 7f5a307b7700] {3}{DLRM}: MLP Bot: 64 1024 1024 1024 256
[3 - 7f33d0739700] {3}{DLRM}: MLP Bot: 64 1024 1024 1024 256
[1 - 7f8450064700] {3}{DLRM}: batchSize(16384) workersPerNodes(8) numNodes(4)
[1 - 7f8450064700] {3}{DLRM}: EmbeddingBagSize(1)
[1 - 7f8450064700] {3}{DLRM}: Embedding Vocab Sizes: 1000000 1000000 1000000 1000000 1000000 1000000 1000000 1000000 1000000 1000000 1000000 1000000 1000000 1000000 1000000 1000000 1000000 1000000 1000000 1000000 1000000 1000000 1000000 1000000 1000000 1000000 1000000 1000000 1000000 1000000 1000000 1000000
[1 - 7f8450064700] {3}{DLRM}: MLP Top: 8448 1024 1024 1024 1024 1
[1 - 7f8450064700] {3}{DLRM}: MLP Bot: 64 1024 1024 1024 256
strategies.size() = 35
strategies.size() = 35
strategies.size() = 35
strategies.size() = 35
workSpaceSize (1024 MB)
workSpaceSize (1024 MB)
workSpaceSize (1024 MB)
workSpaceSize (1024 MB)
workSpaceSize (1024 MB)
workSpaceSize (1024 MB)
workSpaceSize (1024 MB)
workSpaceSize (1024 MB)
workSpaceSize (1024 MB)
workSpaceSize (1024 MB)
workSpaceSize (1024 MB)
workSpaceSize (1024 MB)
workSpaceSize (1024 MB)
workSpaceSize (1024 MB)
workSpaceSize (1024 MB)
workSpaceSize (1024 MB)
workSpaceSize (1024 MB)
workSpaceSize (1024 MB)
workSpaceSize (1024 MB)
workSpaceSize (1024 MB)
workSpaceSize (1024 MB)
workSpaceSize (1024 MB)
workSpaceSize (1024 MB)
workSpaceSize (1024 MB)
workSpaceSize (1024 MB)
workSpaceSize (1024 MB)
workSpaceSize (1024 MB)
workSpaceSize (1024 MB)
workSpaceSize (1024 MB)
workSpaceSize (1024 MB)
workSpaceSize (1024 MB)
workSpaceSize (1024 MB)
domain.volume() = 65536 mean(0.0000) var(0.0429)
domain.volume() = 1024 mean(0.0000) var(0.0442)
domain.volume() = 1048576 mean(0.0000) var(0.0312)
domain.volume() = 1024 mean(0.0000) var(0.0442)
domain.volume() = 1048576 mean(0.0000) var(0.0312)
domain.volume() = 1024 mean(0.0000) var(0.0442)
domain.volume() = 262144 mean(0.0000) var(0.0395)
domain.volume() = 256 mean(0.0000) var(0.0884)
concat: dim[0] = 16384
concat: dim[1] = 8448
concat: dim[0] = 16384
concat: dim[1] = 8448
concat: dim[0] = 16384
concat: dim[1] = 8448
concat: dim[0] = 16384
concat: dim[1] = 8448
domain.volume() = 8650752 mean(0.0000) var(0.0145)
domain.volume() = 1024 mean(0.0000) var(0.0442)
domain.volume() = 1048576 mean(0.0000) var(0.0312)
domain.volume() = 1024 mean(0.0000) var(0.0442)
domain.volume() = 1048576 mean(0.0000) var(0.0312)
domain.volume() = 1024 mean(0.0000) var(0.0442)
domain.volume() = 1048576 mean(0.0000) var(0.0312)
domain.volume() = 1024 mean(0.0000) var(0.0442)
domain.volume() = 1024 mean(0.0000) var(0.0442)
domain.volume() = 1 mean(0.0000) var(1.4142)
init linear (input): in_dim(64) out_dim(1024) batch_size(512)
init linear (input): in_dim(64) out_dim(1024) batch_size(512)
init linear (input): in_dim(64) out_dim(1024) batch_size(512)
init linear (input): in_dim(64) out_dim(1024) batch_size(512)
init linear (input): in_dim(64) out_dim(1024) batch_size(512)
init linear (input): in_dim(64) out_dim(1024) batch_size(512)
init linear (input): in_dim(64) out_dim(1024) batch_size(512)
init linear (input): in_dim(64) out_dim(1024) batch_size(512)
init linear (input): in_dim(64) out_dim(1024) batch_size(512)
init linear (input): in_dim(64) out_dim(1024) batch_size(512)
init linear (input): in_dim(64) out_dim(1024) batch_size(512)
init linear (input): in_dim(64) out_dim(1024) batch_size(512)
init linear (input): in_dim(64) out_dim(1024) batch_size(512)
init linear (input): in_dim(64) out_dim(1024) batch_size(512)
init linear (input): in_dim(64) out_dim(1024) batch_size(512)
init linear (input): in_dim(64) out_dim(1024) batch_size(512)
init linear (input): in_dim(64) out_dim(1024) batch_size(512)
init linear (input): in_dim(64) out_dim(1024) batch_size(512)
init linear (input): in_dim(64) out_dim(1024) batch_size(512)
init linear (input): in_dim(64) out_dim(1024) batch_size(512)
init linear (input): in_dim(64) out_dim(1024) batch_size(512)
init linear (input): in_dim(64) out_dim(1024) batch_size(512)
init linear (input): in_dim(64) out_dim(1024) batch_size(512)
init linear (input): in_dim(64) out_dim(1024) batch_size(512)
init linear (input): in_dim(64) out_dim(1024) batch_size(512)
init linear (input): in_dim(64) out_dim(1024) batch_size(512)
init linear (input): in_dim(64) out_dim(1024) batch_size(512)
init linear (input): in_dim(64) out_dim(1024) batch_size(512)
init linear (input): in_dim(64) out_dim(1024) batch_size(512)
init linear (input): in_dim(64) out_dim(1024) batch_size(512)
init linear (input): in_dim(64) out_dim(1024) batch_size(512)
init linear (input): in_dim(64) out_dim(1024) batch_size(512)
init linear (input): in_dim(1024) out_dim(1024) batch_size(512)
init linear (input): in_dim(1024) out_dim(1024) batch_size(512)
init linear (input): in_dim(1024) out_dim(1024) batch_size(512)
init linear (input): in_dim(1024) out_dim(1024) batch_size(512)
init linear (input): in_dim(1024) out_dim(1024) batch_size(512)
init linear (input): in_dim(1024) out_dim(1024) batch_size(512)
init linear (input): in_dim(1024) out_dim(1024) batch_size(512)
init linear (input): in_dim(1024) out_dim(1024) batch_size(512)
init linear (input): in_dim(1024) out_dim(1024) batch_size(512)
init linear (input): in_dim(1024) out_dim(1024) batch_size(512)
init linear (input): in_dim(1024) out_dim(1024) batch_size(512)
init linear (input): in_dim(1024) out_dim(1024) batch_size(512)
init linear (input): in_dim(1024) out_dim(1024) batch_size(512)
init linear (input): in_dim(1024) out_dim(1024) batch_size(512)
init linear (input): in_dim(1024) out_dim(1024) batch_size(512)
init linear (input): in_dim(1024) out_dim(1024) batch_size(512)
init linear (input): in_dim(1024) out_dim(1024) batch_size(512)
init linear (input): in_dim(1024) out_dim(1024) batch_size(512)
init linear (input): in_dim(1024) out_dim(1024) batch_size(512)
init linear (input): in_dim(1024) out_dim(1024) batch_size(512)
init linear (input): in_dim(1024) out_dim(1024) batch_size(512)
init linear (input): in_dim(1024) out_dim(1024) batch_size(512)
init linear (input): in_dim(1024) out_dim(1024) batch_size(512)
init linear (input): in_dim(1024) out_dim(1024) batch_size(512)
init linear (input): in_dim(1024) out_dim(1024) batch_size(512)
init linear (input): in_dim(1024) out_dim(1024) batch_size(512)
init linear (input): in_dim(1024) out_dim(1024) batch_size(512)
init linear (input): in_dim(1024) out_dim(1024) batch_size(512)
init linear (input): in_dim(1024) out_dim(1024) batch_size(512)
init linear (input): in_dim(1024) out_dim(1024) batch_size(512)
init linear (input): in_dim(1024) out_dim(1024) batch_size(512)
init linear (input): in_dim(1024) out_dim(1024) batch_size(512)
init linear (input): in_dim(1024) out_dim(1024) batch_size(512)
init linear (input): in_dim(1024) out_dim(1024) batch_size(512)
init linear (input): in_dim(1024) out_dim(1024) batch_size(512)
init linear (input): in_dim(1024) out_dim(1024) batch_size(512)
init linear (input): in_dim(1024) out_dim(1024) batch_size(512)
init linear (input): in_dim(1024) out_dim(1024) batch_size(512)
init linear (input): in_dim(1024) out_dim(1024) batch_size(512)
init linear (input): in_dim(1024) out_dim(1024) batch_size(512)
init linear (input): in_dim(1024) out_dim(1024) batch_size(512)
init linear (input): in_dim(1024) out_dim(1024) batch_size(512)
init linear (input): in_dim(1024) out_dim(1024) batch_size(512)
init linear (input): in_dim(1024) out_dim(1024) batch_size(512)
init linear (input): in_dim(1024) out_dim(1024) batch_size(512)
init linear (input): in_dim(1024) out_dim(1024) batch_size(512)
init linear (input): in_dim(1024) out_dim(1024) batch_size(512)
init linear (input): in_dim(1024) out_dim(1024) batch_size(512)
init linear (input): in_dim(1024) out_dim(1024) batch_size(512)
init linear (input): in_dim(1024) out_dim(1024) batch_size(512)
init linear (input): in_dim(1024) out_dim(1024) batch_size(512)
init linear (input): in_dim(1024) out_dim(1024) batch_size(512)
init linear (input): in_dim(1024) out_dim(1024) batch_size(512)
init linear (input): in_dim(1024) out_dim(1024) batch_size(512)
init linear (input): in_dim(1024) out_dim(1024) batch_size(512)
init linear (input): in_dim(1024) out_dim(1024) batch_size(512)
init linear (input): in_dim(1024) out_dim(1024) batch_size(512)
init linear (input): in_dim(1024) out_dim(1024) batch_size(512)
init linear (input): in_dim(1024) out_dim(1024) batch_size(512)
init linear (input): in_dim(1024) out_dim(1024) batch_size(512)
init linear (input): in_dim(1024) out_dim(1024) batch_size(512)
init linear (input): in_dim(1024) out_dim(1024) batch_size(512)
init linear (input): in_dim(1024) out_dim(1024) batch_size(512)
init linear (input): in_dim(1024) out_dim(1024) batch_size(512)
init linear (input): in_dim(1024) out_dim(256) batch_size(512)
init linear (input): in_dim(1024) out_dim(256) batch_size(512)
init linear (input): in_dim(1024) out_dim(256) batch_size(512)
init linear (input): in_dim(1024) out_dim(256) batch_size(512)
init linear (input): in_dim(1024) out_dim(256) batch_size(512)
init linear (input): in_dim(1024) out_dim(256) batch_size(512)
init linear (input): in_dim(1024) out_dim(256) batch_size(512)
init linear (input): in_dim(1024) out_dim(256) batch_size(512)
init linear (input): in_dim(1024) out_dim(256) batch_size(512)
init linear (input): in_dim(1024) out_dim(256) batch_size(512)
init linear (input): in_dim(1024) out_dim(256) batch_size(512)
init linear (input): in_dim(1024) out_dim(256) batch_size(512)
init linear (input): in_dim(1024) out_dim(256) batch_size(512)
init linear (input): in_dim(1024) out_dim(256) batch_size(512)
init linear (input): in_dim(1024) out_dim(256) batch_size(512)
init linear (input): in_dim(1024) out_dim(256) batch_size(512)
init linear (input): in_dim(1024) out_dim(256) batch_size(512)
init linear (input): in_dim(1024) out_dim(256) batch_size(512)
init linear (input): in_dim(1024) out_dim(256) batch_size(512)
init linear (input): in_dim(1024) out_dim(256) batch_size(512)
init linear (input): in_dim(1024) out_dim(256) batch_size(512)
init linear (input): in_dim(1024) out_dim(256) batch_size(512)
init linear (input): in_dim(1024) out_dim(256) batch_size(512)
init linear (input): in_dim(1024) out_dim(256) batch_size(512)
init linear (input): in_dim(1024) out_dim(256) batch_size(512)
init linear (input): in_dim(1024) out_dim(256) batch_size(512)
init linear (input): in_dim(1024) out_dim(256) batch_size(512)
init linear (input): in_dim(1024) out_dim(256) batch_size(512)
init linear (input): in_dim(1024) out_dim(256) batch_size(512)
init linear (input): in_dim(1024) out_dim(256) batch_size(512)
init linear (input): in_dim(1024) out_dim(256) batch_size(512)
init linear (input): in_dim(1024) out_dim(256) batch_size(512)
init linear (input): in_dim(8448) out_dim(1024) batch_size(512)
init linear (input): in_dim(8448) out_dim(1024) batch_size(512)
init linear (input): in_dim(8448) out_dim(1024) batch_size(512)
init linear (input): in_dim(8448) out_dim(1024) batch_size(512)
init linear (input): in_dim(8448) out_dim(1024) batch_size(512)
init linear (input): in_dim(8448) out_dim(1024) batch_size(512)
init linear (input): in_dim(8448) out_dim(1024) batch_size(512)
init linear (input): in_dim(8448) out_dim(1024) batch_size(512)
init linear (input): in_dim(8448) out_dim(1024) batch_size(512)
init linear (input): in_dim(8448) out_dim(1024) batch_size(512)
init linear (input): in_dim(8448) out_dim(1024) batch_size(512)
init linear (input): in_dim(8448) out_dim(1024) batch_size(512)
init linear (input): in_dim(8448) out_dim(1024) batch_size(512)
init linear (input): in_dim(8448) out_dim(1024) batch_size(512)
init linear (input): in_dim(8448) out_dim(1024) batch_size(512)
init linear (input): in_dim(8448) out_dim(1024) batch_size(512)
init linear (input): in_dim(8448) out_dim(1024) batch_size(512)
init linear (input): in_dim(8448) out_dim(1024) batch_size(512)
init linear (input): in_dim(8448) out_dim(1024) batch_size(512)
init linear (input): in_dim(8448) out_dim(1024) batch_size(512)
init linear (input): in_dim(8448) out_dim(1024) batch_size(512)
init linear (input): in_dim(8448) out_dim(1024) batch_size(512)
init linear (input): in_dim(8448) out_dim(1024) batch_size(512)
init linear (input): in_dim(8448) out_dim(1024) batch_size(512)
init linear (input): in_dim(8448) out_dim(1024) batch_size(512)
init linear (input): in_dim(8448) out_dim(1024) batch_size(512)
init linear (input): in_dim(8448) out_dim(1024) batch_size(512)
init linear (input): in_dim(8448) out_dim(1024) batch_size(512)
init linear (input): in_dim(8448) out_dim(1024) batch_size(512)
init linear (input): in_dim(8448) out_dim(1024) batch_size(512)
init linear (input): in_dim(8448) out_dim(1024) batch_size(512)
init linear (input): in_dim(8448) out_dim(1024) batch_size(512)
init linear (input): in_dim(1024) out_dim(1024) batch_size(512)
init linear (input): in_dim(1024) out_dim(1024) batch_size(512)
init linear (input): in_dim(1024) out_dim(1024) batch_size(512)
init linear (input): in_dim(1024) out_dim(1024) batch_size(512)
init linear (input): in_dim(1024) out_dim(1024) batch_size(512)
init linear (input): in_dim(1024) out_dim(1024) batch_size(512)
init linear (input): in_dim(1024) out_dim(1024) batch_size(512)
init linear (input): in_dim(1024) out_dim(1024) batch_size(512)
init linear (input): in_dim(1024) out_dim(1024) batch_size(512)
init linear (input): in_dim(1024) out_dim(1024) batch_size(512)
init linear (input): in_dim(1024) out_dim(1024) batch_size(512)
init linear (input): in_dim(1024) out_dim(1024) batch_size(512)
init linear (input): in_dim(1024) out_dim(1024) batch_size(512)
init linear (input): in_dim(1024) out_dim(1024) batch_size(512)
init linear (input): in_dim(1024) out_dim(1024) batch_size(512)
init linear (input): in_dim(1024) out_dim(1024) batch_size(512)
init linear (input): in_dim(1024) out_dim(1024) batch_size(512)
init linear (input): in_dim(1024) out_dim(1024) batch_size(512)
init linear (input): in_dim(1024) out_dim(1024) batch_size(512)
init linear (input): in_dim(1024) out_dim(1024) batch_size(512)
init linear (input): in_dim(1024) out_dim(1024) batch_size(512)
init linear (input): in_dim(1024) out_dim(1024) batch_size(512)
init linear (input): in_dim(1024) out_dim(1024) batch_size(512)
init linear (input): in_dim(1024) out_dim(1024) batch_size(512)
init linear (input): in_dim(1024) out_dim(1024) batch_size(512)
init linear (input): in_dim(1024) out_dim(1024) batch_size(512)
init linear (input): in_dim(1024) out_dim(1024) batch_size(512)
init linear (input): in_dim(1024) out_dim(1024) batch_size(512)
init linear (input): in_dim(1024) out_dim(1024) batch_size(512)
init linear (input): in_dim(1024) out_dim(1024) batch_size(512)
init linear (input): in_dim(1024) out_dim(1024) batch_size(512)
init linear (input): in_dim(1024) out_dim(1024) batch_size(512)
init linear (input): in_dim(1024) out_dim(1024) batch_size(512)
init linear (input): in_dim(1024) out_dim(1024) batch_size(512)
init linear (input): in_dim(1024) out_dim(1024) batch_size(512)
init linear (input): in_dim(1024) out_dim(1024) batch_size(512)
init linear (input): in_dim(1024) out_dim(1024) batch_size(512)
init linear (input): in_dim(1024) out_dim(1024) batch_size(512)
init linear (input): in_dim(1024) out_dim(1024) batch_size(512)
init linear (input): in_dim(1024) out_dim(1024) batch_size(512)
init linear (input): in_dim(1024) out_dim(1024) batch_size(512)
init linear (input): in_dim(1024) out_dim(1024) batch_size(512)
init linear (input): in_dim(1024) out_dim(1024) batch_size(512)
init linear (input): in_dim(1024) out_dim(1024) batch_size(512)
init linear (input): in_dim(1024) out_dim(1024) batch_size(512)
init linear (input): in_dim(1024) out_dim(1024) batch_size(512)
init linear (input): in_dim(1024) out_dim(1024) batch_size(512)
init linear (input): in_dim(1024) out_dim(1024) batch_size(512)
init linear (input): in_dim(1024) out_dim(1024) batch_size(512)
init linear (input): in_dim(1024) out_dim(1024) batch_size(512)
init linear (input): in_dim(1024) out_dim(1024) batch_size(512)
init linear (input): in_dim(1024) out_dim(1024) batch_size(512)
init linear (input): in_dim(1024) out_dim(1024) batch_size(512)
init linear (input): in_dim(1024) out_dim(1024) batch_size(512)
init linear (input): in_dim(1024) out_dim(1024) batch_size(512)
init linear (input): in_dim(1024) out_dim(1024) batch_size(512)
init linear (input): in_dim(1024) out_dim(1024) batch_size(512)
init linear (input): in_dim(1024) out_dim(1024) batch_size(512)
init linear (input): in_dim(1024) out_dim(1024) batch_size(512)
init linear (input): in_dim(1024) out_dim(1024) batch_size(512)
init linear (input): in_dim(1024) out_dim(1024) batch_size(512)
init linear (input): in_dim(1024) out_dim(1024) batch_size(512)
init linear (input): in_dim(1024) out_dim(1024) batch_size(512)
init linear (input): in_dim(1024) out_dim(1024) batch_size(512)
init linear (input): in_dim(1024) out_dim(1024) batch_size(512)
init linear (input): in_dim(1024) out_dim(1024) batch_size(512)
init linear (input): in_dim(1024) out_dim(1024) batch_size(512)
init linear (input): in_dim(1024) out_dim(1024) batch_size(512)
init linear (input): in_dim(1024) out_dim(1024) batch_size(512)
init linear (input): in_dim(1024) out_dim(1024) batch_size(512)
init linear (input): in_dim(1024) out_dim(1024) batch_size(512)
init linear (input): in_dim(1024) out_dim(1024) batch_size(512)
init linear (input): in_dim(1024) out_dim(1024) batch_size(512)
init linear (input): in_dim(1024) out_dim(1024) batch_size(512)
init linear (input): in_dim(1024) out_dim(1024) batch_size(512)
init linear (input): in_dim(1024) out_dim(1024) batch_size(512)
init linear (input): in_dim(1024) out_dim(1024) batch_size(512)
init linear (input): in_dim(1024) out_dim(1024) batch_size(512)
init linear (input): in_dim(1024) out_dim(1024) batch_size(512)
init linear (input): in_dim(1024) out_dim(1024) batch_size(512)
init linear (input): in_dim(1024) out_dim(1024) batch_size(512)
init linear (input): in_dim(1024) out_dim(1024) batch_size(512)
init linear (input): in_dim(1024) out_dim(1024) batch_size(512)
init linear (input): in_dim(1024) out_dim(1024) batch_size(512)
init linear (input): in_dim(1024) out_dim(1024) batch_size(512)
init linear (input): in_dim(1024) out_dim(1024) batch_size(512)
init linear (input): in_dim(1024) out_dim(1024) batch_size(512)
init linear (input): in_dim(1024) out_dim(1024) batch_size(512)
init linear (input): in_dim(1024) out_dim(1024) batch_size(512)
init linear (input): in_dim(1024) out_dim(1024) batch_size(512)
init linear (input): in_dim(1024) out_dim(1024) batch_size(512)
init linear (input): in_dim(1024) out_dim(1024) batch_size(512)
init linear (input): in_dim(1024) out_dim(1024) batch_size(512)
init linear (input): in_dim(1024) out_dim(1024) batch_size(512)
init linear (input): in_dim(1024) out_dim(1024) batch_size(512)
init linear (input): in_dim(1024) out_dim(1024) batch_size(512)
init linear (input): in_dim(1024) out_dim(1) batch_size(512)
init linear (input): in_dim(1024) out_dim(1) batch_size(512)
init linear (input): in_dim(1024) out_dim(1) batch_size(512)
init linear (input): in_dim(1024) out_dim(1) batch_size(512)
init linear (input): in_dim(1024) out_dim(1) batch_size(512)
init linear (input): in_dim(1024) out_dim(1) batch_size(512)
init linear (input): in_dim(1024) out_dim(1) batch_size(512)
init linear (input): in_dim(1024) out_dim(1) batch_size(512)
init linear (input): in_dim(1024) out_dim(1) batch_size(512)
init linear (input): in_dim(1024) out_dim(1) batch_size(512)
init linear (input): in_dim(1024) out_dim(1) batch_size(512)
init linear (input): in_dim(1024) out_dim(1) batch_size(512)
init linear (input): in_dim(1024) out_dim(1) batch_size(512)
init linear (input): in_dim(1024) out_dim(1) batch_size(512)
init linear (input): in_dim(1024) out_dim(1) batch_size(512)
init linear (input): in_dim(1024) out_dim(1) batch_size(512)
init linear (input): in_dim(1024) out_dim(1) batch_size(512)
init linear (input): in_dim(1024) out_dim(1) batch_size(512)
init linear (input): in_dim(1024) out_dim(1) batch_size(512)
init linear (input): in_dim(1024) out_dim(1) batch_size(512)
init linear (input): in_dim(1024) out_dim(1) batch_size(512)
init linear (input): in_dim(1024) out_dim(1) batch_size(512)
init linear (input): in_dim(1024) out_dim(1) batch_size(512)
init linear (input): in_dim(1024) out_dim(1) batch_size(512)
init linear (input): in_dim(1024) out_dim(1) batch_size(512)
init linear (input): in_dim(1024) out_dim(1) batch_size(512)
init linear (input): in_dim(1024) out_dim(1) batch_size(512)
init linear (input): in_dim(1024) out_dim(1) batch_size(512)
init linear (input): in_dim(1024) out_dim(1) batch_size(512)
init linear (input): in_dim(1024) out_dim(1) batch_size(512)
init linear (input): in_dim(1024) out_dim(1) batch_size(512)
init linear (input): in_dim(1024) out_dim(1) batch_size(512)
[3 - 7f33d0739700] {3}{DLRM}: Use random dataset...
[3 - 7f33d0739700] {3}{DLRM}: Number of random samples = 32768

[2 - 7f5a307b7700] {3}{DLRM}: Use random dataset...
[2 - 7f5a307b7700] {3}{DLRM}: Number of random samples = 32768

[0 - 7f72b44b2700] {3}{DLRM}: Use random dataset...
[0 - 7f72b44b2700] {3}{DLRM}: Number of random samples = 32768

[1 - 7f8450064700] {3}{DLRM}: Use random dataset...
[1 - 7f8450064700] {3}{DLRM}: Number of random samples = 32768

[1 - 7f8450064700] {3}{DLRM}: Start generating random input samples
acc_train_loss: 0.2647 train_accuracy: 50.35%(8249/16384)
[3 - 7f33d0739700] {3}{DLRM}: Warmup finished...Start timer...
[3 - 7f33d0739700] {3}{DLRM}: Num. epochs = 5
[3 - 7f33d0739700] {3}{DLRM}: Num. iterations/epoch = 2
[0 - 7f72b44b2700] {3}{DLRM}: Warmup finished...Start timer...
[0 - 7f72b44b2700] {3}{DLRM}: Num. epochs = 5
[0 - 7f72b44b2700] {3}{DLRM}: Num. iterations/epoch = 2
[2 - 7f5a307b7700] {3}{DLRM}: Warmup finished...Start timer...
[2 - 7f5a307b7700] {3}{DLRM}: Num. epochs = 5
[2 - 7f5a307b7700] {3}{DLRM}: Num. iterations/epoch = 2
[1 - 7f8450064700] {3}{DLRM}: Warmup finished...Start timer...
[1 - 7f8450064700] {3}{DLRM}: Num. epochs = 5
[1 - 7f8450064700] {3}{DLRM}: Num. iterations/epoch = 2
acc_train_loss: 0.5035 train_accuracy: 49.65%(8135/16384)
acc_train_loss: 0.5035 train_accuracy: 49.65%(16270/32768)
acc_train_loss: nan train_accuracy: 49.65%(8135/16384)
acc_train_loss: nan train_accuracy: 49.65%(16270/32768)
acc_train_loss: nan train_accuracy: 49.65%(8135/16384)
acc_train_loss: nan train_accuracy: 49.65%(16270/32768)
acc_train_loss: nan train_accuracy: 49.65%(8135/16384)
acc_train_loss: nan train_accuracy: 49.65%(16270/32768)
acc_train_loss: nan train_accuracy: 49.65%(8135/16384)
acc_train_loss: nan train_accuracy: 49.65%(16270/32768)
ELAPSED TIME = 5.9691s, THROUGHPUT = 27447.99 samples/s
ELAPSED TIME = 5.9691s, THROUGHPUT = 27448.02 samples/s
ELAPSED TIME = 5.9691s, THROUGHPUT = 27447.97 samples/s
ELAPSED TIME = 5.9691s, THROUGHPUT = 27447.96 samples/s
