--------------------------------------------------------------------------
WARNING: There are more than one active ports on host 'learnfair0454', but the
default subnet GID prefix was detected on more than one of these
ports.  If these ports are connected to different physical IB
networks, this configuration will fail in Open MPI.  This version of
Open MPI requires that every physically separate IB subnet that is
used between connected MPI processes must have different subnet ID
values.

Please see this FAQ entry for more details:

  http://www.open-mpi.org/faq/?category=openfabrics#ofa-default-subnet-gid

NOTE: You can turn off this warning by setting the MCA parameter
      btl_openib_warn_default_gid_prefix to 0.
--------------------------------------------------------------------------
ENV parameter: GASNET_FREEZE = NO                               (default)
ENV parameter: GASNET_FREEZE = NO                               (default)
ENV parameter: GASNET_TSC_RATE = wallclock                      (default)
ENV parameter: GASNET_TSC_RATE_TOLERANCE = 0.0005               (default)
ENV parameter: GASNET_TSC_RATE_HARD_TOLERANCE = 0.02            (default)
ENV parameter: GASNET_MALLOC_INIT = NO                          (default)
ENV parameter: GASNET_MALLOC_INITVAL = NAN                      (default)
ENV parameter: GASNET_MALLOC_CLOBBER = NO                       (default)
ENV parameter: GASNET_MALLOC_CLOBBERVAL = NAN                   (default)
ENV parameter: GASNET_MALLOC_LEAKALL = NO                       (default)
ENV parameter: GASNET_MALLOC_SCANFREED = NO                     (default)
ENV parameter: GASNET_MALLOC_EXTRACHECK = NO                    (default)
ENV parameter: GASNET_DISABLE_ARGDECODE = NO                    (default)
ENV parameter: GASNET_DISABLE_ENVDECODE = NO                    (default)
ENV parameter: GASNET_BACKTRACE = YES                                    
ENV parameter: GASNET_BACKTRACE_NODES = *not set*               (default)
ENV parameter: GASNET_TMPDIR = *not set*                        (default)
ENV parameter: TMPDIR = /tmp                                             
ENV parameter: GASNET_BACKTRACE_TYPE = GDB,EXECINFO             (default)
ENV parameter: GASNET_FREEZE_ON_ERROR = NO                      (default)
ENV parameter: GASNET_FREEZE_SIGNAL = *not set*                 (default)
ENV parameter: GASNET_BACKTRACE_SIGNAL = *not set*              (default)
ENV parameter: GASNET_TRACEFILE = *empty*                       (default)
ENV parameter: GASNET_STATSFILE = *empty*                       (default)
ENV parameter: GASNET_TRACEFLUSH = NO                           (default)
ENV parameter: GASNET_TRACELOCAL = YES                          (default)
ENV parameter: GASNET_MALLOCFILE = *empty*                      (default)
ENV parameter: GASNET_IBV_PORTS = *empty*                       (default)
ENV parameter: GASNET_MAX_MTU = 0                               (default)
ENV parameter: GASNET_QP_TIMEOUT = 18                           (default)
ENV parameter: GASNET_QP_RETRY_COUNT = 7                        (default)
ENV parameter: GASNET_QP_RD_ATOM = 0                            (default)
ENV parameter: GASNET_NETWORKDEPTH_PP = 24                      (default)
ENV parameter: GASNET_NETWORKDEPTH_TOTAL = 255                  (default)
ENV parameter: GASNET_AM_CREDITS_PP = 12                        (default)
ENV parameter: GASNET_AM_CREDITS_TOTAL = 12                     (default)
ENV parameter: GASNET_AM_CREDITS_SLACK = 1                      (default)
ENV parameter: GASNET_BBUF_COUNT = 1024                         (default)
ENV parameter: GASNET_RBUF_COUNT = 1024                         (default)
ENV parameter: GASNET_NUM_QPS = 0                               (default)
ENV parameter: GASNET_INLINESEND_LIMIT = 72                     (default)
ENV parameter: GASNET_NONBULKPUT_BOUNCE_LIMIT = 64 KB           (default)
ENV parameter: GASNET_PACKEDLONG_LIMIT = 4008 B                 (default)
ENV parameter: GASNET_PIN_MAXSZ = 0                             (default)
ENV parameter: GASNET_RCV_THREAD = NO                           (default)
ENV parameter: GASNET_USE_FIREHOSE = YES                        (default)
ENV parameter: GASNET_USE_SRQ = -1                              (default)
ENV parameter: GASNET_EXITTIMEOUT_MAX = 360                     (default)
ENV parameter: GASNET_EXITTIMEOUT_MIN = 2                       (default)
ENV parameter: GASNET_EXITTIMEOUT_FACTOR = 0.25                 (default)
ENV parameter: GASNET_EXITTIMEOUT = 2.5                         (default)
ENV parameter: GASNET_IBV_LIST_PORTS = NO                       (default)
ENV parameter: GASNET_IBV_PKEY = -1                             (default)
ENV parameter: GASNET_IBV_MODEL_WARN = YES                      (default)
ENV parameter: GASNET_USE_FENCED_PUTS = NO                      (default)
ENV parameter: GASNET_NODEMAP_EXACT = YES                       (default)
ENV parameter: GASNET_RBUF_SPARES = 80                          (default)
ENV parameter: GASNET_USE_ODP = 1                               (default)
ENV parameter: GASNET_ODP_VERBOSE = 1                           (default)
ENV parameter: GASNET_CONNECT_RCVS = 6                          (default)
ENV parameter: GASNET_CONNECT_SNDS = 4                          (default)
ENV parameter: GASNET_CONNECT_DROP_DENOM = 0                    (default)
ENV parameter: GASNET_CONNECTFILE_BASE = 36                     (default)
ENV parameter: GASNET_CONNECT_STATIC = YES                      (default)
ENV parameter: GASNET_CONNECT_DYNAMIC = YES                     (default)
ENV parameter: GASNET_CONNECT_RETRANS_MIN = 1000                (default)
ENV parameter: GASNET_CONNECT_RETRANS_MAX = 67108864            (default)
ENV parameter: GASNET_PHYSMEM_PROBE = NO                        (default)
ENV parameter: GASNET_MAX_THREADS = 256                         (default)
ENV parameter: GASNET_PHYSMEM_MAX = 2/3 (335 GB)                         
ENV parameter: GASNET_BARRIER = IBDISSEM                        (default)
ENV parameter: GASNET_COLL_MIN_SCRATCH_SIZE = 1 KB              (default)
ENV parameter: GASNET_COLL_SCRATCH_SIZE = 2 MB                  (default)
ENV parameter: GASNET_MAX_SEGSIZE = 428 GB                      (default)
ENV parameter: GASNET_CATCH_EXIT = YES                          (default)
ENV parameter: GASNET_DISABLE_MUNMAP = NO                       (default)
ENV parameter: GASNET_FS_SYNC = NO                              (default)
ENV parameter: GASNET_COLL_P2P_EAGER_MIN = 16                   (default)
ENV parameter: GASNET_COLL_P2P_EAGER_SCALE = 16                 (default)
ENV parameter: GASNET_COLL_ROOTED_GEOM = KNOMIAL_TREE,2         (default)
ENV parameter: GASNET_COLL_BROADCAST_GEOM = KNOMIAL_TREE,2      (default)
ENV parameter: GASNET_COLL_SCATTER_GEOM = KNOMIAL_TREE,2        (default)
ENV parameter: GASNET_COLL_GATHER_GEOM = KNOMIAL_TREE,2         (default)
ENV parameter: GASNET_COLL_GATHER_ALL_DISSEM_LIMIT_PER_THREAD = 1 KB   (default)
ENV parameter: GASNET_COLL_GATHER_ALL_DISSEM_LIMIT = 1 KB       (default)
ENV parameter: GASNET_COLL_EXCHANGE_DISSEM_LIMIT_PER_THREAD = 1 KB   (default)
ENV parameter: GASNET_COLL_EXCHANGE_DISSEM_LIMIT = 1 KB         (default)
ENV parameter: GASNET_COLL_EXCHANGE_DISSEM_RADIX = 2            (default)
ENV parameter: GASNET_COLL_PIPE_SEG_SIZE = 1 MB                 (default)
ENV parameter: GASNET_COLL_AUTOTUNE_WARM_ITERS = 5              (default)
ENV parameter: GASNET_COLL_AUTOTUNE_PERF_ITERS = 10             (default)
ENV parameter: GASNET_COLL_AUTOTUNE_ALLOW_FLAT_TREE = 1         (default)
ENV parameter: GASNET_COLL_TUNING_FILE = *not set*              (default)
ENV parameter: GASNET_COLL_PRINT_AUTOTUNE_TIMER = NO            (default)
ENV parameter: GASNET_COLL_PRINT_COLL_ALG = NO                  (default)
ENV parameter: GASNET_COLL_ENABLE_SEARCH = NO                   (default)
ENV parameter: GASNET_COLL_ENABLE_PROFILE = NO                  (default)
ENV parameter: GASNET_COLL_REDUCE_GEOM = KNOMIAL_TREE,2         (default)
ENV parameter: GASNET_VIS_AMPIPE = YES                          (default)
ENV parameter: GASNET_VIS_MAXCHUNK = 256 B                      (default)
ENV parameter: GASNET_VIS_PUT_MAXCHUNK = 256 B                  (default)
ENV parameter: GASNET_VIS_GET_MAXCHUNK = 256 B                  (default)
ENV parameter: GASNET_VIS_REMOTECONTIG = NO                     (default)
-----------------------------------------------------------------------
 WARNING WARNING WARNING WARNING WARNING WARNING WARNING WARNING

 GASNet was configured and built with these optional features enabled:
        debugging  tracing  statistical collection  debugging malloc  
 This usually has a SERIOUS impact on performance, so you should NOT
 trust any performance numbers reported in this run!!!
 You should configure and build from scratch without the configure
 flags that enable the optional additional checking/reporting.

 WARNING WARNING WARNING WARNING WARNING WARNING WARNING WARNING
-----------------------------------------------------------------------
Timer granularity: <= 0.020 us, overhead: ~ 0.026 us
=====> testlarge nprocs=2 config=RELEASE=2019.9.0,SPEC=0.8,CONDUIT=IBV(IBV-2.4/IBV-2.3),THREADMODEL=PAR,SEGMENT=FAST,PTR=64bit,CACHE_LINE_BYTES=64,noalign,nopshm,debug,trace,stats,debugmalloc,srclines,timers_native,membars_native,atomics_native,atomic32_native,atomic64_native,notiopt compiler=GNU/7.4.0 sys=x86_64-unknown-linux-gnu
node 0/2 hostname is: learnfair0454 (supernode=0 pid=62400)
node 1/2 hostname is: learnfair0455 (supernode=1 pid=5654)
ENV parameter: GASNET_TEST_POLITE_SYNC = NO                     (default)
node 0/2 testlarge running...
node 0/2 Running 1000 iterations of bulk put/get with local addresses inside the segment for sizes: 16...2097152

A:   0 -         16 byte :    1000 iters, throughput    7267.442 KB/sec (PutBlocking throughput)
A:   0 -         16 byte :    1000 iters, throughput    5079.649 KB/sec (GetBlocking throughput)
A:   0 -         32 byte :    1000 iters, throughput   13858.093 KB/sec (PutBlocking throughput)
A:   0 -         32 byte :    1000 iters, throughput    9805.460 KB/sec (GetBlocking throughput)
A:   0 -         64 byte :    1000 iters, throughput   27581.642 KB/sec (PutBlocking throughput)
A:   0 -         64 byte :    1000 iters, throughput   20219.994 KB/sec (GetBlocking throughput)
A:   0 -        128 byte :    1000 iters, throughput   40361.640 KB/sec (PutBlocking throughput)
A:   0 -        128 byte :    1000 iters, throughput   40769.733 KB/sec (GetBlocking throughput)
A:   0 -        256 byte :    1000 iters, throughput   80932.341 KB/sec (PutBlocking throughput)
A:   0 -        256 byte :    1000 iters, throughput   81327.261 KB/sec (GetBlocking throughput)
A:   0 -        512 byte :    1000 iters, throughput  165016.502 KB/sec (PutBlocking throughput)
A:   0 -        512 byte :    1000 iters, throughput  160307.791 KB/sec (GetBlocking throughput)
A:   0 -       1024 byte :    1000 iters, throughput  315258.512 KB/sec (PutBlocking throughput)
A:   0 -       1024 byte :    1000 iters, throughput  306936.771 KB/sec (GetBlocking throughput)
A:   0 -       2048 byte :    1000 iters, throughput  580720.093 KB/sec (PutBlocking throughput)
A:   0 -       2048 byte :    1000 iters, throughput  574712.644 KB/sec (GetBlocking throughput)
A:   0 -       4096 byte :    1000 iters, throughput 1042209.484 KB/sec (PutBlocking throughput)
A:   0 -       4096 byte :    1000 iters, throughput 1016002.032 KB/sec (GetBlocking throughput)
A:   0 -       8192 byte :    1000 iters, throughput 1778172.927 KB/sec (PutBlocking throughput)
A:   0 -       8192 byte :    1000 iters, throughput 1752848.379 KB/sec (GetBlocking throughput)
A:   0 -      16384 byte :    1000 iters, throughput 2763385.147 KB/sec (PutBlocking throughput)
A:   0 -      16384 byte :    1000 iters, throughput 2790373.212 KB/sec (GetBlocking throughput)
A:   0 -      32768 byte :    1000 iters, throughput 4073319.756 KB/sec (PutBlocking throughput)
A:   0 -      32768 byte :    1000 iters, throughput 4070211.142 KB/sec (GetBlocking throughput)
A:   0 -      65536 byte :    1000 iters, throughput 5683331.853 KB/sec (PutBlocking throughput)
A:   0 -      65536 byte :    1000 iters, throughput 5761613.252 KB/sec (GetBlocking throughput)
A:   0 -     131072 byte :    1000 iters, throughput 6672922.532 KB/sec (PutBlocking throughput)
A:   0 -     131072 byte :    1000 iters, throughput 6700518.243 KB/sec (GetBlocking throughput)
A:   0 -     262144 byte :    1000 iters, throughput 8008008.008 KB/sec (PutBlocking throughput)
A:   0 -     262144 byte :    1000 iters, throughput 7954015.846 KB/sec (GetBlocking throughput)
A:   0 -     524288 byte :    1000 iters, throughput 8782613.170 KB/sec (PutBlocking throughput)
A:   0 -     524288 byte :    1000 iters, throughput 8770126.756 KB/sec (GetBlocking throughput)
A:   0 -    1048576 byte :    1000 iters, throughput 10234064.243 KB/sec (PutBlocking throughput)
A:   0 -    1048576 byte :    1000 iters, throughput 10103202.636 KB/sec (GetBlocking throughput)
A:   0 -    2097152 byte :    1000 iters, throughput 10660836.522 KB/sec (PutBlocking throughput)
A:   0 -    2097152 byte :    1000 iters, throughput 10621415.013 KB/sec (GetBlocking throughput)
B:   0 -         16 byte :    1000 iters, throughput   23602.719 KB/sec (PutNBI+DEFER throughput)
B:   0 -         16 byte :    1000 iters, throughput   21701.389 KB/sec (GetNBI throughput)
B:   0 -         32 byte :    1000 iters, throughput   46364.985 KB/sec (PutNBI+DEFER throughput)
B:   0 -         32 byte :    1000 iters, throughput   43282.548 KB/sec (GetNBI throughput)
B:   0 -         64 byte :    1000 iters, throughput   93843.844 KB/sec (PutNBI+DEFER throughput)
B:   0 -         64 byte :    1000 iters, throughput   87047.354 KB/sec (GetNBI throughput)
B:   0 -        128 byte :    1000 iters, throughput  179856.115 KB/sec (PutNBI+DEFER throughput)
B:   0 -        128 byte :    1000 iters, throughput  176304.654 KB/sec (GetNBI throughput)
B:   0 -        256 byte :    1000 iters, throughput  361271.676 KB/sec (PutNBI+DEFER throughput)
B:   0 -        256 byte :    1000 iters, throughput  349650.350 KB/sec (GetNBI throughput)
B:   0 -        512 byte :    1000 iters, throughput  720461.095 KB/sec (PutNBI+DEFER throughput)
B:   0 -        512 byte :    1000 iters, throughput  707213.579 KB/sec (GetNBI throughput)
B:   0 -       1024 byte :    1000 iters, throughput 1443001.443 KB/sec (PutNBI+DEFER throughput)
B:   0 -       1024 byte :    1000 iters, throughput 1390820.584 KB/sec (GetNBI throughput)
B:   0 -       2048 byte :    1000 iters, throughput 2873563.218 KB/sec (PutNBI+DEFER throughput)
B:   0 -       2048 byte :    1000 iters, throughput 2789400.279 KB/sec (GetNBI throughput)
B:   0 -       4096 byte :    1000 iters, throughput  272034.820 KB/sec (PutNBI+DEFER throughput)
B:   0 -       4096 byte :    1000 iters, throughput 2604166.667 KB/sec (GetNBI throughput)
B:   0 -       8192 byte :    1000 iters, throughput  303870.551 KB/sec (PutNBI+DEFER throughput)
B:   0 -       8192 byte :    1000 iters, throughput  402556.232 KB/sec (GetNBI throughput)
B:   0 -      16384 byte :    1000 iters, throughput 1446654.611 KB/sec (PutNBI+DEFER throughput)
B:   0 -      16384 byte :    1000 iters, throughput 1120056.003 KB/sec (GetNBI throughput)
B:   0 -      32768 byte :    1000 iters, throughput 1488649.051 KB/sec (PutNBI+DEFER throughput)
B:   0 -      32768 byte :    1000 iters, throughput 1270799.412 KB/sec (GetNBI throughput)
B:   0 -      65536 byte :    1000 iters, throughput 1920941.261 KB/sec (PutNBI+DEFER throughput)
B:   0 -      65536 byte :    1000 iters, throughput 1581848.291 KB/sec (GetNBI throughput)
B:   0 -     131072 byte :    1000 iters, throughput 2494689.041 KB/sec (PutNBI+DEFER throughput)
B:   0 -     131072 byte :    1000 iters, throughput 2297117.835 KB/sec (GetNBI throughput)
B:   0 -     262144 byte :    1000 iters, throughput 4141255.642 KB/sec (PutNBI+DEFER throughput)
B:   0 -     262144 byte :    1000 iters, throughput 3967823.432 KB/sec (GetNBI throughput)
B:   0 -     524288 byte :    1000 iters, throughput 11574021.747 KB/sec (PutNBI+DEFER throughput)
B:   0 -     524288 byte :    1000 iters, throughput 12816661.660 KB/sec (GetNBI throughput)
B:   0 -    1048576 byte :    1000 iters, throughput 20844359.402 KB/sec (PutNBI+DEFER throughput)
B:   0 -    1048576 byte :    1000 iters, throughput 26862539.349 KB/sec (GetNBI throughput)
B:   0 -    2097152 byte :    1000 iters, throughput 31962543.894 KB/sec (PutNBI+DEFER throughput)
B:   0 -    2097152 byte :    1000 iters, throughput 33624482.827 KB/sec (GetNBI throughput)
C:   0 -         16 byte :    1000 iters, throughput   20613.456 KB/sec (PutNB+DEFER throughput)
C:   0 -         16 byte :    1000 iters, throughput   19753.477 KB/sec (GetNB throughput)
C:   0 -         32 byte :    1000 iters, throughput   39910.600 KB/sec (PutNB+DEFER throughput)
C:   0 -         32 byte :    1000 iters, throughput   37560.096 KB/sec (GetNB throughput)
C:   0 -         64 byte :    1000 iters, throughput   82891.247 KB/sec (PutNB+DEFER throughput)
C:   0 -         64 byte :    1000 iters, throughput   79214.195 KB/sec (GetNB throughput)
C:   0 -        128 byte :    1000 iters, throughput  153374.233 KB/sec (PutNB+DEFER throughput)
C:   0 -        128 byte :    1000 iters, throughput  157430.730 KB/sec (GetNB throughput)
C:   0 -        256 byte :    1000 iters, throughput  305997.552 KB/sec (PutNB+DEFER throughput)
C:   0 -        256 byte :    1000 iters, throughput  314861.461 KB/sec (GetNB throughput)
C:   0 -        512 byte :    1000 iters, throughput  603864.734 KB/sec (PutNB+DEFER throughput)
C:   0 -        512 byte :    1000 iters, throughput  629722.922 KB/sec (GetNB throughput)
C:   0 -       1024 byte :    1000 iters, throughput 1223990.208 KB/sec (PutNB+DEFER throughput)
C:   0 -       1024 byte :    1000 iters, throughput  880281.690 KB/sec (GetNB throughput)
C:   0 -       2048 byte :    1000 iters, throughput 2421307.506 KB/sec (PutNB+DEFER throughput)
C:   0 -       2048 byte :    1000 iters, throughput  224114.747 KB/sec (GetNB throughput)
C:   0 -       4096 byte :    1000 iters, throughput  334029.228 KB/sec (PutNB+DEFER throughput)
C:   0 -       4096 byte :    1000 iters, throughput  298953.662 KB/sec (GetNB throughput)
C:   0 -       8192 byte :    1000 iters, throughput  266090.138 KB/sec (PutNB+DEFER throughput)
C:   0 -       8192 byte :    1000 iters, throughput  359760.759 KB/sec (GetNB throughput)
C:   0 -      16384 byte :    1000 iters, throughput 1286380.447 KB/sec (PutNB+DEFER throughput)
C:   0 -      16384 byte :    1000 iters, throughput 1147611.533 KB/sec (GetNB throughput)
C:   0 -      32768 byte :    1000 iters, throughput 1354440.024 KB/sec (PutNB+DEFER throughput)
C:   0 -      32768 byte :    1000 iters, throughput 1317957.166 KB/sec (GetNB throughput)
C:   0 -      65536 byte :    1000 iters, throughput 1815705.856 KB/sec (PutNB+DEFER throughput)
C:   0 -      65536 byte :    1000 iters, throughput 1693121.693 KB/sec (GetNB throughput)
C:   0 -     131072 byte :    1000 iters, throughput 2705730.653 KB/sec (PutNB+DEFER throughput)
C:   0 -     131072 byte :    1000 iters, throughput 2229188.436 KB/sec (GetNB throughput)
C:   0 -     262144 byte :    1000 iters, throughput 4281008.044 KB/sec (PutNB+DEFER throughput)
C:   0 -     262144 byte :    1000 iters, throughput 3758129.156 KB/sec (GetNB throughput)
C:   0 -     524288 byte :    1000 iters, throughput 14222222.222 KB/sec (PutNB+DEFER throughput)
C:   0 -     524288 byte :    1000 iters, throughput 13487171.382 KB/sec (GetNB throughput)
C:   0 -    1048576 byte :    1000 iters, throughput 24989628.328 KB/sec (PutNB+DEFER throughput)
C:   0 -    1048576 byte :    1000 iters, throughput 20858795.730 KB/sec (GetNB throughput)
C:   0 -    2097152 byte :    1000 iters, throughput 35359116.022 KB/sec (PutNB+DEFER throughput)
C:   0 -    2097152 byte :    1000 iters, throughput 27927399.670 KB/sec (GetNB throughput)
[devfair0172:27306] 1 more process has sent help message help-mpi-btl-openib.txt / default subnet prefix
[devfair0172:27306] Set MCA parameter "orte_base_help_aggregate" to 0 to see all help / error messages
